GROUP,PACKAGE,CLASS,INSTRUCTION_MISSED,INSTRUCTION_COVERED,BRANCH_MISSED,BRANCH_COVERED,LINE_MISSED,LINE_COVERED,COMPLEXITY_MISSED,COMPLEXITY_COVERED,METHOD_MISSED,METHOD_COVERED
sandbox_coverage/sandbox_common,org.sandbox.jdt.triggerpattern.mining.analysis,NodeAlignment,0,12,0,0,0,1,0,1,0,1
sandbox_coverage/sandbox_common,org.sandbox.jdt.triggerpattern.mining.analysis,ConfidenceCalculator,38,167,13,23,5,31,12,19,2,11
sandbox_coverage/sandbox_common,org.sandbox.jdt.triggerpattern.mining.analysis,ImportDiffAnalyzer,0,167,2,24,0,34,2,15,0,4
sandbox_coverage/sandbox_common,org.sandbox.jdt.triggerpattern.mining.analysis,InferredRule,0,21,0,0,0,1,0,1,0,1
sandbox_coverage/sandbox_common,org.sandbox.jdt.triggerpattern.mining.analysis,RuleInferenceEngine,265,383,58,32,66,84,47,16,2,9
sandbox_coverage/sandbox_common,org.sandbox.jdt.triggerpattern.mining.analysis,InferredRuleValidator.ValidationResult,0,9,0,0,0,1,0,1,0,1
sandbox_coverage/sandbox_common,org.sandbox.jdt.triggerpattern.mining.analysis,CommitAnalysisResult,0,15,0,0,0,1,0,1,0,1
sandbox_coverage/sandbox_common,org.sandbox.jdt.triggerpattern.mining.analysis,CodeChangePair,0,24,0,0,0,1,0,1,0,1
sandbox_coverage/sandbox_common,org.sandbox.jdt.triggerpattern.mining.analysis,CommitInfo,0,21,0,0,0,1,0,1,0,1
sandbox_coverage/sandbox_common,org.sandbox.jdt.triggerpattern.mining.analysis,AstDiff,0,9,0,0,0,1,0,1,0,1
sandbox_coverage/sandbox_common,org.sandbox.jdt.triggerpattern.mining.analysis,DiffHunkRefiner.new ASTVisitor() {...},0,55,0,6,0,10,0,5,0,2
sandbox_coverage/sandbox_common,org.sandbox.jdt.triggerpattern.mining.analysis,PlaceholderGeneralizer,6,168,10,18,3,38,10,9,0,5
sandbox_coverage/sandbox_common,org.sandbox.jdt.triggerpattern.mining.analysis,DiffHunk,0,21,0,0,0,1,0,1,0,1
sandbox_coverage/sandbox_common,org.sandbox.jdt.triggerpattern.mining.analysis,AlignmentKind,0,44,0,0,0,9,0,1,0,1
sandbox_coverage/sandbox_common,org.sandbox.jdt.triggerpattern.mining.analysis,RuleGrouper,0,166,0,8,0,27,0,9,0,5
sandbox_coverage/sandbox_common,org.sandbox.jdt.triggerpattern.mining.analysis,DiffHunkRefiner,34,358,20,36,8,77,17,24,1,12
sandbox_coverage/sandbox_common,org.sandbox.jdt.triggerpattern.mining.analysis,CommitAnalysisResult.AnalysisStatus,0,54,0,0,0,11,0,1,0,1
sandbox_coverage/sandbox_common,org.sandbox.jdt.triggerpattern.mining.analysis,AstDiffAnalyzer,31,240,6,36,4,51,6,20,0,5
sandbox_coverage/sandbox_common,org.sandbox.jdt.triggerpattern.mining.analysis,RuleGroup,0,15,0,0,0,1,0,1,0,1
sandbox_coverage/sandbox_common,org.sandbox.jdt.triggerpattern.mining.analysis,FileDiff,0,15,0,0,0,1,0,1,0,1
sandbox_coverage/sandbox_common,org.sandbox.jdt.triggerpattern.mining.analysis,PlaceholderNamer,2,35,1,3,1,9,1,4,0,3
sandbox_coverage/sandbox_common,org.sandbox.jdt.triggerpattern.mining.analysis,InferredRuleValidator.ValidationStatus,0,54,0,0,0,11,0,1,0,1
sandbox_coverage/sandbox_common,org.sandbox.jdt.triggerpattern.mining.analysis,InferredRuleValidator,18,80,1,7,4,17,1,5,0,2
sandbox_coverage/sandbox_common,org.sandbox.jdt.triggerpattern.ui,HintFileQuickAssistProcessor.HintFileProposal,96,0,8,0,26,0,12,0,8,0
sandbox_coverage/sandbox_common,org.sandbox.jdt.triggerpattern.ui,SandboxHintConsole,114,0,6,0,36,0,12,0,9,0
sandbox_coverage/sandbox_common,org.sandbox.jdt.triggerpattern.ui,HintFileQuickAssistProcessor,174,0,22,0,36,0,16,0,5,0
sandbox_coverage/sandbox_common,org.sandbox.jdt.triggerpattern.ui,TriggerPatternQuickAssistProcessor,191,0,26,0,43,0,20,0,7,0
sandbox_coverage/sandbox_common,org.sandbox.jdt.triggerpattern.ui,SandboxHintConsoleFactory,8,0,0,0,4,0,2,0,2,0
sandbox_coverage/sandbox_common,org.sandbox.jdt.triggerpattern.ui,TriggerPatternQuickAssistProcessor.new ASTVisitor() {...},41,0,8,0,10,0,6,0,2,0
sandbox_coverage/sandbox_common,org.sandbox.jdt.triggerpattern.mining.git,CommandLineGitProvider,373,358,33,37,76,71,27,20,6,6
sandbox_coverage/sandbox_common,org.sandbox.jdt.triggerpattern.mining.git,GitProviderException,9,0,0,0,4,0,2,0,2,0
sandbox_coverage/sandbox_common,org.sandbox.jdt.triggerpattern.mining.git,JGitHistoryProvider,656,0,48,0,140,0,38,0,14,0
sandbox_coverage/sandbox_common,org.sandbox.jdt.triggerpattern.mining.git,AsyncCommitAnalyzer,33,216,5,17,5,51,4,14,0,7
sandbox_coverage/sandbox_common,org.sandbox.jdt.triggerpattern.cleanup,TypeChangeInfo,0,9,0,0,0,1,0,1,0,1
sandbox_coverage/sandbox_common,org.sandbox.jdt.triggerpattern.cleanup,HintFileFixCore.HintFileRewriteOperation,586,466,96,46,146,115,61,22,4,8
sandbox_coverage/sandbox_common,org.sandbox.jdt.triggerpattern.cleanup,HintFileFixCore.HintFileRewriteOperation.new ASTVisitor() {...},0,16,0,0,0,3,0,2,0,2
sandbox_coverage/sandbox_common,org.sandbox.jdt.triggerpattern.cleanup,PatternCleanupHelper,42,93,6,10,8,22,6,10,1,7
sandbox_coverage/sandbox_common,org.sandbox.jdt.triggerpattern.cleanup,MatchHolder,24,0,4,0,4,0,4,0,2,0
sandbox_coverage/sandbox_common,org.sandbox.jdt.triggerpattern.cleanup,ExceptionCleanupHelper,67,239,17,31,11,62,13,21,0,10
sandbox_coverage/sandbox_common,org.sandbox.jdt.triggerpattern.cleanup,TypeChangeDetector,7,54,1,9,1,16,1,8,0,4
sandbox_coverage/sandbox_common,org.sandbox.jdt.triggerpattern.cleanup,AbstractPatternCleanupPlugin,607,149,56,12,137,34,53,7,20,6
sandbox_coverage/sandbox_common,org.sandbox.jdt.triggerpattern.cleanup,AbstractPatternCleanupPlugin.AnnotationReplacementInfo,23,14,9,1,1,5,6,2,1,2
sandbox_coverage/sandbox_common,org.sandbox.jdt.triggerpattern.cleanup,HintFileFixCore,165,81,27,7,40,21,21,2,5,1
sandbox_coverage/sandbox_common,org.sandbox.jdt.triggerpattern.cleanup,TypeChangeDetector.new ASTVisitor() {...},0,24,0,4,0,4,0,4,0,2
sandbox_coverage/sandbox_common,org.sandbox.jdt.internal.corext.util,TypeWideningAnalyzer.TypeWideningResult,15,21,4,0,1,8,3,4,1,4
sandbox_coverage/sandbox_common,org.sandbox.jdt.internal.corext.util,TypeWideningAnalyzer.VariableDeclarationInfo,0,6,0,0,0,3,0,1,0,1
sandbox_coverage/sandbox_common,org.sandbox.jdt.internal.corext.util,ImportUtils,0,8,0,0,0,2,0,1,0,1
sandbox_coverage/sandbox_common,org.sandbox.jdt.internal.corext.util,AnnotationUtils,30,69,2,6,5,13,5,9,3,7
sandbox_coverage/sandbox_common,org.sandbox.jdt.internal.corext.util,ASTNavigationUtils,18,209,11,17,6,43,11,15,0,12
sandbox_coverage/sandbox_common,org.sandbox.jdt.internal.corext.util,NamingUtils,98,129,18,14,22,27,14,11,3,6
sandbox_coverage/sandbox_common,org.sandbox.jdt.internal.corext.util,ASTNavigationUtils.new ASTVisitor() {...},12,34,1,3,2,7,3,4,2,3
sandbox_coverage/sandbox_common,org.sandbox.jdt.internal.corext.util,TypeWideningAnalyzer.new ASTVisitor() {...},5,106,7,17,3,22,7,8,0,3
sandbox_coverage/sandbox_common,org.sandbox.jdt.internal.corext.util,ExpressionHelper,28,122,9,29,9,35,9,16,1,5
sandbox_coverage/sandbox_common,org.sandbox.jdt.internal.corext.util,TypeWideningAnalyzer.VariableInfo,0,13,0,0,0,3,0,1,0,1
sandbox_coverage/sandbox_common,org.sandbox.jdt.internal.corext.util,TypeCheckingUtils,57,38,18,8,10,9,13,5,2,3
sandbox_coverage/sandbox_common,org.sandbox.jdt.internal.corext.util,VariableResolver,248,136,75,27,61,37,50,8,3,4
sandbox_coverage/sandbox_common,org.sandbox.jdt.internal.corext.util,TypeWideningAnalyzer,50,482,25,81,10,100,23,40,0,10
sandbox_coverage/sandbox_common,org.sandbox.jdt.triggerpattern.internal,GuardRegistry,95,44,15,1,24,14,9,6,1,6
sandbox_coverage/sandbox_common,org.sandbox.jdt.triggerpattern.internal,HintRegistry,555,0,78,0,124,0,49,0,10,0
sandbox_coverage/sandbox_common,org.sandbox.jdt.triggerpattern.internal,HintFileRegistry.new IResourceVisitor() {...},43,49,2,10,10,9,2,6,0,2
sandbox_coverage/sandbox_common,org.sandbox.jdt.triggerpattern.internal,HintFileRegistry,145,218,25,21,48,60,23,25,6,19
sandbox_coverage/sandbox_common,org.sandbox.jdt.triggerpattern.internal,HintRegistry.HintDescriptor,149,0,8,0,44,0,22,0,17,0
sandbox_coverage/sandbox_common,org.sandbox.jdt.internal.corext.fix2,MYCleanUpConstants,3,0,0,0,1,0,1,0,1,0
sandbox_coverage/sandbox_common,org.sandbox.jdt.triggerpattern.editor,SandboxHintOutlinePage.OutlineContentProvider,332,0,52,0,73,0,33,0,7,0
sandbox_coverage/sandbox_common,org.sandbox.jdt.triggerpattern.editor,SandboxHintEditor,124,0,14,0,37,0,14,0,7,0
sandbox_coverage/sandbox_common,org.sandbox.jdt.triggerpattern.editor,SandboxHintDocumentProvider,25,0,2,0,9,0,3,0,2,0
sandbox_coverage/sandbox_common,org.sandbox.jdt.triggerpattern.editor,SandboxHintOutlinePage,95,0,16,0,27,0,13,0,5,0
sandbox_coverage/sandbox_common,org.sandbox.jdt.triggerpattern.editor,SandboxHintHyperlinkDetector.GuardFunctionHyperlink,43,0,0,0,12,0,5,0,5,0
sandbox_coverage/sandbox_common,org.sandbox.jdt.triggerpattern.editor,SandboxHintPartitionScanner,75,0,0,0,16,0,2,0,2,0
sandbox_coverage/sandbox_common,org.sandbox.jdt.triggerpattern.editor,SandboxHintCodeScanner.new IWordDetector() {...},19,0,4,0,3,0,5,0,3,0
sandbox_coverage/sandbox_common,org.sandbox.jdt.triggerpattern.editor,SandboxHintOutlinePage.OutlineLabelProvider,15,0,2,0,4,0,3,0,2,0
sandbox_coverage/sandbox_common,org.sandbox.jdt.triggerpattern.editor,SandboxHintSourceViewerConfiguration,233,0,4,0,60,0,10,0,8,0
sandbox_coverage/sandbox_common,org.sandbox.jdt.triggerpattern.editor,SandboxHintContentAssistProcessor,476,0,34,0,80,0,27,0,10,0
sandbox_coverage/sandbox_common,org.sandbox.jdt.triggerpattern.editor,SandboxHintJavaFormatter,168,0,24,0,49,0,15,0,3,0
sandbox_coverage/sandbox_common,org.sandbox.jdt.triggerpattern.editor,SandboxHintCodeScanner,270,0,2,0,46,0,3,0,2,0
sandbox_coverage/sandbox_common,org.sandbox.jdt.triggerpattern.editor,SandboxHintOutlinePage.OutlineElement,18,0,0,0,1,0,1,0,1,0
sandbox_coverage/sandbox_common,org.sandbox.jdt.triggerpattern.editor,SandboxHintHyperlinkDetector,247,0,52,0,60,0,32,0,6,0
sandbox_coverage/sandbox_common,org.sandbox.jdt.triggerpattern.editor,PlaceholderRule,81,0,18,0,30,0,11,0,2,0
sandbox_coverage/sandbox_common,org.sandbox.jdt.triggerpattern.editor,OperatorRule,44,0,6,0,14,0,5,0,2,0
sandbox_coverage/sandbox_common,org.sandbox.jdt.triggerpattern.editor,OffsetRemappingProposal,119,0,10,0,28,0,16,0,11,0
sandbox_coverage/sandbox_common,org.sandbox.jdt.triggerpattern.editor,EmbeddedJavaSourceLocator.SourceMapping,9,0,0,0,1,0,1,0,1,0
sandbox_coverage/sandbox_common,org.sandbox.jdt.triggerpattern.editor,SandboxHintReconcilingStrategy,322,0,48,0,92,0,37,0,13,0
sandbox_coverage/sandbox_common,org.sandbox.jdt.triggerpattern.editor,SandboxHintFoldingProvider,167,0,20,0,40,0,12,0,2,0
sandbox_coverage/sandbox_common,org.sandbox.jdt.triggerpattern.editor,SandboxHintOutlinePage.ElementType,44,0,0,0,9,0,1,0,1,0
sandbox_coverage/sandbox_common,org.sandbox.jdt.triggerpattern.editor,SingleTokenScanner,10,0,0,0,4,0,1,0,1,0
sandbox_coverage/sandbox_common,org.sandbox.jdt.triggerpattern.editor,SandboxHintBreakpointAdapter,268,0,36,0,77,0,30,0,12,0
sandbox_coverage/sandbox_common,org.sandbox.jdt.triggerpattern.editor,EmbeddedJavaSourceLocator,84,0,10,0,20,0,12,0,7,0
sandbox_coverage/sandbox_common,org.sandbox.jdt.triggerpattern.editor,EmbeddedJavaContentAssistProcessor,315,0,28,0,82,0,26,0,12,0
sandbox_coverage/sandbox_common,org.sandbox.jdt.triggerpattern.eclipse,HintFinding,17,59,6,3,5,13,5,3,0,3
sandbox_coverage/sandbox_common,org.sandbox.jdt.triggerpattern.eclipse,HintMarkerReporter,0,47,0,2,0,10,0,3,0,2
sandbox_coverage/sandbox_common,org.sandbox.jdt.triggerpattern.eclipse,CleanUpResult,6,41,0,4,2,9,1,8,1,6
sandbox_coverage/sandbox_common,org.sandbox.jdt.triggerpattern.eclipse,HintMarkerManager,82,0,10,0,20,0,9,0,4,0
sandbox_coverage/sandbox_common,org.sandbox.jdt.triggerpattern.eclipse,HintContext,86,109,11,7,20,24,13,8,6,6
sandbox_coverage/sandbox_common,org.sandbox.jdt.triggerpattern.examples,ExampleHintProvider,135,0,12,0,43,0,9,0,3,0
sandbox_coverage/sandbox_cleanup_application,org.sandbox.jdt.core.cleanupapp,CodeCleanupApplication.CleanupScope,0,34,0,0,0,2,0,1,0,1
sandbox_coverage/sandbox_cleanup_application,org.sandbox.jdt.core.cleanupapp,Messages,16,21,0,0,2,5,2,4,2,4
sandbox_coverage/sandbox_cleanup_application,org.sandbox.jdt.core.cleanupapp,CodeCleanupApplicationWrapper,73,0,12,0,19,0,9,0,3,0
sandbox_coverage/sandbox_cleanup_application,org.sandbox.jdt.core.cleanupapp,CodeCleanupApplication,1144,527,155,79,235,158,100,40,12,8
sandbox_coverage/sandbox_cleanup_application,org.sandbox.jdt.core.cleanupapp,CodeCleanupApplicationWrapper.Messages,34,0,0,0,6,0,5,0,5,0
sandbox_coverage/sandbox_cleanup_application,org.sandbox.jdt.core.cleanupapp,CodeCleanupApplication.CleanupMode,0,34,0,0,0,7,0,1,0,1
sandbox_coverage/sandbox-functional-converter-core,org.sandbox.functional.core.builder,StreamCodeBuilder,0,78,3,7,0,16,3,7,0,4
sandbox_coverage/sandbox-functional-converter-core,org.sandbox.functional.core.builder,LoopModelBuilder,7,348,2,8,3,70,3,38,1,35
sandbox_coverage/sandbox-functional-converter-core,org.sandbox.functional.core.model,ElementDescriptor,6,12,0,0,2,1,1,1,1,1
sandbox_coverage/sandbox-functional-converter-core,org.sandbox.functional.core.model,SourceDescriptor,0,12,0,0,0,1,0,1,0,1
sandbox_coverage/sandbox-functional-converter-core,org.sandbox.functional.core.model,SourceDescriptor.SourceType,0,45,0,0,0,8,0,1,0,1
sandbox_coverage/sandbox-functional-converter-core,org.sandbox.functional.core.model,LoopModelVisualizer,127,856,31,76,22,161,29,41,0,10
sandbox_coverage/sandbox-functional-converter-core,org.sandbox.functional.core.model,LoopMetadata,0,54,0,10,0,3,0,8,0,3
sandbox_coverage/sandbox-functional-converter-core,org.sandbox.functional.core.model,LoopModel,5,181,8,10,2,39,8,18,0,17
sandbox_coverage/sandbox-functional-converter-core,org.sandbox.functional.core.operation,DistinctOp,0,7,0,0,0,3,0,3,0,3
sandbox_coverage/sandbox-functional-converter-core,org.sandbox.functional.core.operation,PeekOp,0,8,0,0,0,2,0,2,0,2
sandbox_coverage/sandbox-functional-converter-core,org.sandbox.functional.core.operation,FilterOp,2,82,2,10,0,20,2,14,0,10
sandbox_coverage/sandbox-functional-converter-core,org.sandbox.functional.core.operation,SortOp,0,15,0,0,0,5,0,4,0,4
sandbox_coverage/sandbox-functional-converter-core,org.sandbox.functional.core.operation,MapOp,65,97,15,5,8,28,11,15,2,14
sandbox_coverage/sandbox-functional-converter-core,org.sandbox.functional.core.operation,FlatMapOp,0,8,0,0,0,2,0,2,0,2
sandbox_coverage/sandbox-functional-converter-core,org.sandbox.functional.core.operation,LimitOp,0,12,0,0,0,3,0,3,0,3
sandbox_coverage/sandbox-functional-converter-core,org.sandbox.functional.core.operation,SkipOp,0,12,0,0,0,3,0,3,0,3
sandbox_coverage/sandbox-functional-converter-core,org.sandbox.functional.core.terminal,MatchTerminal,0,19,0,3,0,5,0,4,0,2
sandbox_coverage/sandbox-functional-converter-core,org.sandbox.functional.core.terminal,MatchTerminal.MatchType,0,21,0,0,0,4,0,1,0,1
sandbox_coverage/sandbox-functional-converter-core,org.sandbox.functional.core.terminal,ForEachTerminal,0,21,0,2,0,4,0,4,0,3
sandbox_coverage/sandbox-functional-converter-core,org.sandbox.functional.core.terminal,CountTerminal,0,5,0,0,0,2,0,2,0,2
sandbox_coverage/sandbox-functional-converter-core,org.sandbox.functional.core.terminal,ReduceTerminal.ReduceType,0,45,0,0,0,8,0,1,0,1
sandbox_coverage/sandbox-functional-converter-core,org.sandbox.functional.core.terminal,FindTerminal,0,13,0,2,0,2,0,3,0,2
sandbox_coverage/sandbox-functional-converter-core,org.sandbox.functional.core.terminal,ReduceTerminal,0,28,0,0,0,4,0,3,0,3
sandbox_coverage/sandbox-functional-converter-core,org.sandbox.functional.core.terminal,CollectTerminal.CollectorType,0,39,0,0,0,7,0,1,0,1
sandbox_coverage/sandbox-functional-converter-core,org.sandbox.functional.core.terminal,CollectTerminal,0,11,0,0,0,2,0,2,0,2
sandbox_coverage/sandbox-functional-converter-core,org.sandbox.functional.core.renderer,StreamPipelineRenderer,16,0,0,0,2,0,2,0,2,0
sandbox_coverage/sandbox-functional-converter-core,org.sandbox.functional.core.renderer,ASTAwareRenderer,15,0,0,0,3,0,3,0,3,0
sandbox_coverage/sandbox-functional-converter-core,org.sandbox.functional.core.renderer,StringRenderer,12,315,11,36,5,60,11,37,0,20
sandbox_coverage/sandbox-functional-converter-core,org.sandbox.functional.core.transformer,LoopModelTransformer,0,262,1,31,0,37,1,25,0,5
sandbox_coverage/sandbox-functional-converter-core,org.sandbox.functional.core.tree,LoopTreeNode,18,83,4,6,2,27,4,16,2,13
sandbox_coverage/sandbox-functional-converter-core,org.sandbox.functional.core.tree,LoopKind,0,33,0,0,0,6,0,1,0,1
sandbox_coverage/sandbox-functional-converter-core,org.sandbox.functional.core.tree,ScopeInfo,6,90,1,1,1,20,2,8,1,8
sandbox_coverage/sandbox-functional-converter-core,org.sandbox.functional.core.tree,ConversionDecision,0,27,0,0,0,5,0,1,0,1
sandbox_coverage/sandbox-functional-converter-core,org.sandbox.functional.core.tree,LoopTree,0,128,0,12,0,26,0,14,0,8
sandbox_coverage/sandbox_encoding_quickfix,org.sandbox.jdt.internal.ui.preferences.cleanup,CleanUpMessages,7,0,0,0,3,0,2,0,2,0
sandbox_coverage/sandbox_encoding_quickfix,org.sandbox.jdt.internal.ui.preferences.cleanup,DefaultCleanUpOptionsInitializer,0,20,0,0,0,6,0,2,0,2
sandbox_coverage/sandbox_encoding_quickfix,org.sandbox.jdt.internal.ui.preferences.cleanup,SaveActionCleanUpOptionsInitializer,20,0,0,0,6,0,2,0,2,0
sandbox_coverage/sandbox_encoding_quickfix,org.sandbox.jdt.internal.ui.preferences.cleanup,SandboxCodeTabPage,96,0,0,0,17,0,4,0,4,0
sandbox_coverage/sandbox_encoding_quickfix,org.sandbox.jdt.internal.corext.fix,UseExplicitEncodingFixCore,52,351,6,0,7,33,4,6,1,6
sandbox_coverage/sandbox_encoding_quickfix,org.sandbox.jdt.internal.corext.fix,UseExplicitEncodingFixCore.new CompilationUnitRewriteOperationsFixCore.CompilationUnitRewriteOperation() {...},0,54,0,0,0,5,0,2,0,2
sandbox_coverage/sandbox_encoding_quickfix,org.sandbox.jdt.internal.corext.fix,UseExplicitEncodingFixCore.new TargetSourceRangeComputer() {...},0,21,0,2,0,4,0,3,0,2
sandbox_coverage/sandbox_encoding_quickfix,org.sandbox.jdt.internal.ui.fix,MultiFixMessages,3,4,0,0,1,2,1,1,1,1
sandbox_coverage/sandbox_encoding_quickfix,org.sandbox.jdt.internal.ui.fix,UseExplicitEncodingCleanUpCore,67,180,10,26,11,47,13,16,3,8
sandbox_coverage/sandbox_encoding_quickfix,org.sandbox.jdt.internal.ui.fix,UseExplicitEncodingCleanUp,0,11,0,0,0,4,0,2,0,2
sandbox_coverage/sandbox_encoding_quickfix,org.sandbox.jdt.internal.corext.fix.helper,URLDecoderDecodeExplicitEncoding,15,208,8,16,9,44,8,12,1,6
sandbox_coverage/sandbox_encoding_quickfix,org.sandbox.jdt.internal.corext.fix.helper,ChannelsNewWriterExplicitEncoding,11,163,6,12,5,35,6,10,1,6
sandbox_coverage/sandbox_encoding_quickfix,org.sandbox.jdt.internal.corext.fix.helper,ByteArrayOutputStreamExplicitEncoding,23,178,8,11,11,38,7,10,1,6
sandbox_coverage/sandbox_encoding_quickfix,org.sandbox.jdt.internal.corext.fix.helper,FilesReadAllLinesExplicitEncoding,12,158,6,8,5,38,6,8,1,6
sandbox_coverage/sandbox_encoding_quickfix,org.sandbox.jdt.internal.corext.fix.helper,AbstractExplicitEncoding.NodeData,0,12,0,0,0,1,0,1,0,1
sandbox_coverage/sandbox_encoding_quickfix,org.sandbox.jdt.internal.corext.fix.helper,URLEncoderEncodeExplicitEncoding,15,210,8,16,9,45,8,12,1,6
sandbox_coverage/sandbox_encoding_quickfix,org.sandbox.jdt.internal.corext.fix.helper,CharsetForNameExplicitEncoding,133,9,13,1,31,3,12,2,5,2
sandbox_coverage/sandbox_encoding_quickfix,org.sandbox.jdt.internal.corext.fix.helper,FileReaderExplicitEncoding,38,113,8,1,11,25,6,6,1,6
sandbox_coverage/sandbox_encoding_quickfix,org.sandbox.jdt.internal.corext.fix.helper,PropertiesStoreToXMLExplicitEncoding,34,138,7,8,10,33,7,8,1,6
sandbox_coverage/sandbox_encoding_quickfix,org.sandbox.jdt.internal.corext.fix.helper,FileWriterExplicitEncoding,8,106,2,0,3,22,2,6,1,6
sandbox_coverage/sandbox_encoding_quickfix,org.sandbox.jdt.internal.corext.fix.helper,ChangeBehavior.new ChangeBehavior() {...},4,18,0,2,2,4,1,3,1,2
sandbox_coverage/sandbox_encoding_quickfix,org.sandbox.jdt.internal.corext.fix.helper,FormatterExplicitEncoding,92,165,20,9,23,40,15,9,2,7
sandbox_coverage/sandbox_encoding_quickfix,org.sandbox.jdt.internal.corext.fix.helper,ChangeBehavior.new ChangeBehavior() {...},4,21,0,2,2,7,1,3,1,2
sandbox_coverage/sandbox_encoding_quickfix,org.sandbox.jdt.internal.corext.fix.helper,ChangeBehavior.new ChangeBehavior() {...},21,140,1,5,5,30,2,4,1,2
sandbox_coverage/sandbox_encoding_quickfix,org.sandbox.jdt.internal.corext.fix.helper,PrintStreamExplicitEncoding,178,18,14,0,39,7,13,2,5,2
sandbox_coverage/sandbox_encoding_quickfix,org.sandbox.jdt.internal.corext.fix.helper,FilesNewBufferedReaderExplicitEncoding,12,158,6,8,5,38,6,8,1,6
sandbox_coverage/sandbox_encoding_quickfix,org.sandbox.jdt.internal.corext.fix.helper,OutputStreamWriterExplicitEncoding,8,153,3,10,3,37,3,11,1,6
sandbox_coverage/sandbox_encoding_quickfix,org.sandbox.jdt.internal.corext.fix.helper,InputStreamReaderExplicitEncoding,8,155,4,9,3,37,4,10,1,6
sandbox_coverage/sandbox_encoding_quickfix,org.sandbox.jdt.internal.corext.fix.helper,StringGetBytesExplicitEncoding,10,150,4,9,5,36,4,10,1,6
sandbox_coverage/sandbox_encoding_quickfix,org.sandbox.jdt.internal.corext.fix.helper,FilesReadStringExplicitEncoding,12,164,6,10,5,40,6,9,1,6
sandbox_coverage/sandbox_encoding_quickfix,org.sandbox.jdt.internal.corext.fix.helper,ChannelsNewReaderExplicitEncoding,11,161,6,12,5,36,6,10,1,6
sandbox_coverage/sandbox_encoding_quickfix,org.sandbox.jdt.internal.corext.fix.helper,AbstractExplicitEncoding,176,476,41,39,48,118,36,23,4,15
sandbox_coverage/sandbox_encoding_quickfix,org.sandbox.jdt.internal.corext.fix.helper,PrintWriterExplicitEncoding,8,129,2,2,3,27,2,7,1,6
sandbox_coverage/sandbox_encoding_quickfix,org.sandbox.jdt.internal.corext.fix.helper,ChangeBehavior,22,140,2,6,6,26,3,7,1,5
sandbox_coverage/sandbox_encoding_quickfix,org.sandbox.jdt.internal.corext.fix.helper,StringExplicitEncoding,13,185,6,13,5,42,6,11,1,6
sandbox_coverage/sandbox_encoding_quickfix,org.sandbox.jdt.internal.corext.fix.helper,ScannerExplicitEncoding,11,191,9,18,6,45,9,13,1,7
sandbox_coverage/sandbox_encoding_quickfix,org.sandbox.jdt.internal.corext.fix.helper,FilesWriteStringExplicitEncoding,20,172,7,11,6,43,7,9,1,6
sandbox_coverage/sandbox_encoding_quickfix,org.sandbox.jdt.internal.corext.fix.helper,FilesNewBufferedWriterExplicitEncoding,20,166,7,9,6,41,7,8,1,6
sandbox_coverage/sandbox_platform_helper,org.sandbox.jdt.internal.ui.preferences.cleanup,CleanUpMessages,7,0,0,0,3,0,2,0,2,0
sandbox_coverage/sandbox_platform_helper,org.sandbox.jdt.internal.ui.preferences.cleanup,DefaultCleanUpOptionsInitializer,0,8,0,0,0,3,0,2,0,2
sandbox_coverage/sandbox_platform_helper,org.sandbox.jdt.internal.ui.preferences.cleanup,SaveActionCleanUpOptionsInitializer,8,0,0,0,3,0,2,0,2,0
sandbox_coverage/sandbox_platform_helper,org.sandbox.jdt.internal.ui.preferences.cleanup,SandboxCodeTabPage,43,0,0,0,10,0,4,0,4,0
sandbox_coverage/sandbox_platform_helper,org.sandbox.jdt.internal.corext.fix,SimplifyPlatformStatusFixCore.new TargetSourceRangeComputer() {...},0,21,0,2,0,4,0,3,0,2
sandbox_coverage/sandbox_platform_helper,org.sandbox.jdt.internal.corext.fix,SimplifyPlatformStatusFixCore,18,85,0,0,4,12,3,4,3,4
sandbox_coverage/sandbox_platform_helper,org.sandbox.jdt.internal.corext.fix,SimplifyPlatformStatusFixCore.new CompilationUnitRewriteOperationsFixCore.CompilationUnitRewriteOperationWithSourceRange() {...},0,48,0,0,0,8,0,2,0,2
sandbox_coverage/sandbox_platform_helper,org.sandbox.jdt.internal.ui.fix,SimplifyPlatformStatusCleanUpCore,56,107,5,11,14,26,8,9,3,6
sandbox_coverage/sandbox_platform_helper,org.sandbox.jdt.internal.ui.fix,MultiFixMessages,3,4,0,0,1,2,1,1,1,1
sandbox_coverage/sandbox_platform_helper,org.sandbox.jdt.internal.ui.fix,SimplifyPlatformStatusCleanUp,0,11,0,0,0,4,0,2,0,2
sandbox_coverage/sandbox_platform_helper,org.sandbox.jdt.internal.corext.fix.helper,StatusWarningSimplifyPlatformStatus,6,5,2,0,3,2,2,1,1,1
sandbox_coverage/sandbox_platform_helper,org.sandbox.jdt.internal.corext.fix.helper,StatusInfoSimplifyPlatformStatus,6,5,2,0,3,2,2,1,1,1
sandbox_coverage/sandbox_platform_helper,org.sandbox.jdt.internal.corext.fix.helper,AbstractSimplifyPlatformStatus,169,33,14,0,42,12,11,3,4,3
sandbox_coverage/sandbox_platform_helper,org.sandbox.jdt.internal.corext.fix.helper,StatusErrorSimplifyPlatformStatus,6,5,2,0,3,2,2,1,1,1
sandbox_coverage/sandbox_platform_helper,org.sandbox.jdt.internal.corext.fix.helper,MultiStatusSimplifyPlatformStatus,35,157,5,5,10,42,7,5,3,4
sandbox_coverage/sandbox_functional_converter,org.sandbox.jdt.internal.ui.preferences.cleanup,SaveActionCleanUpOptionsInitializer,48,0,0,0,13,0,2,0,2,0
sandbox_coverage/sandbox_functional_converter,org.sandbox.jdt.internal.ui.preferences.cleanup,CleanUpMessages,7,0,0,0,3,0,2,0,2,0
sandbox_coverage/sandbox_functional_converter,org.sandbox.jdt.internal.ui.preferences.cleanup,DefaultCleanUpOptionsInitializer,0,48,0,0,0,13,0,2,0,2
sandbox_coverage/sandbox_functional_converter,org.sandbox.jdt.internal.ui.preferences.cleanup,SandboxCodeTabPage,195,0,0,0,45,0,4,0,4,0
sandbox_coverage/sandbox_functional_converter,org.sandbox.jdt.internal.corext.fix,UseFunctionalCallFixCore.new CompilationUnitRewriteOperationsFixCore.CompilationUnitRewriteOperation() {...},0,41,1,1,0,14,1,2,0,2
sandbox_coverage/sandbox_functional_converter,org.sandbox.jdt.internal.corext.fix,UseFunctionalCallFixCore.new CompilationUnitRewriteOperationsFixCore.CompilationUnitRewriteOperation() {...},0,43,0,0,0,5,0,2,0,2
sandbox_coverage/sandbox_functional_converter,org.sandbox.jdt.internal.corext.fix,UseFunctionalCallFixCore.new TargetSourceRangeComputer() {...},0,21,0,2,0,4,0,3,0,2
sandbox_coverage/sandbox_functional_converter,org.sandbox.jdt.internal.corext.fix,UseFunctionalCallFixCore,5,128,0,0,1,22,1,5,1,5
sandbox_coverage/sandbox_functional_converter,org.sandbox.jdt.internal.ui.fix,MultiFixMessages,3,4,0,0,1,2,1,1,1,1
sandbox_coverage/sandbox_functional_converter,org.sandbox.jdt.internal.ui.fix,UseFunctionalCallCleanUp,0,12,0,0,0,4,0,2,0,2
sandbox_coverage/sandbox_functional_converter,org.sandbox.jdt.internal.ui.fix,UseFunctionalCallCleanUpCore,73,226,13,42,15,53,14,27,3,10
sandbox_coverage/sandbox_functional_converter,org.sandbox.jdt.internal.corext.fix.helper,FunctionalHolder,17,0,0,0,8,0,5,0,5,0
sandbox_coverage/sandbox_functional_converter,org.sandbox.jdt.internal.corext.fix.helper,IteratorLoopBodyParser.ParsedBody,0,12,0,0,0,1,0,1,0,1
sandbox_coverage/sandbox_functional_converter,org.sandbox.jdt.internal.corext.fix.helper,LoopBodyParser.ParseResult,0,40,0,0,0,13,0,7,0,7
sandbox_coverage/sandbox_functional_converter,org.sandbox.jdt.internal.corext.fix.helper,Refactorer,233,0,38,0,61,0,24,0,5,0
sandbox_coverage/sandbox_functional_converter,org.sandbox.jdt.internal.corext.fix.helper,LoopBodyScopeScanner.new ASTVisitor() {...},2,43,1,1,0,11,1,7,0,7
sandbox_coverage/sandbox_functional_converter,org.sandbox.jdt.internal.corext.fix.helper,LoopBodyScopeScanner.new ASTVisitor() {...},2,76,1,13,0,20,1,12,0,6
sandbox_coverage/sandbox_functional_converter,org.sandbox.jdt.internal.corext.fix.helper,TraditionalForHandler.new ASTVisitor() {...},0,28,0,2,0,5,0,3,0,2
sandbox_coverage/sandbox_functional_converter,org.sandbox.jdt.internal.corext.fix.helper,TraditionalForHandler.new ASTVisitor() {...},0,54,0,4,0,11,0,4,0,2
sandbox_coverage/sandbox_functional_converter,org.sandbox.jdt.internal.corext.fix.helper,TraditionalForHandler.new ASTVisitor() {...},21,9,0,0,6,1,3,1,3,1
sandbox_coverage/sandbox_functional_converter,org.sandbox.jdt.internal.corext.fix.helper,ConsecutiveLoopGroupDetector.ConsecutiveLoopGroup,4,21,0,0,1,6,1,3,1,3
sandbox_coverage/sandbox_functional_converter,org.sandbox.jdt.internal.corext.fix.helper,IteratorWhileToEnhancedFor,14,163,9,9,6,38,9,6,1,5
sandbox_coverage/sandbox_functional_converter,org.sandbox.jdt.internal.corext.fix.helper,StatementHandlerType.new StatementHandlerType() {...},68,10,7,1,20,3,5,2,1,2
sandbox_coverage/sandbox_functional_converter,org.sandbox.jdt.internal.corext.fix.helper,StatementHandlerType.new StatementHandlerType() {...},158,8,18,0,45,2,13,2,4,2
sandbox_coverage/sandbox_functional_converter,org.sandbox.jdt.internal.corext.fix.helper,StatementHandlerType.new StatementHandlerType() {...},52,10,9,1,14,2,6,2,1,2
sandbox_coverage/sandbox_functional_converter,org.sandbox.jdt.internal.corext.fix.helper,StatementHandlerType.new StatementHandlerType() {...},72,62,16,4,17,16,11,4,1,4
sandbox_coverage/sandbox_functional_converter,org.sandbox.jdt.internal.corext.fix.helper,ProspectiveOperation,347,224,54,12,71,70,43,18,11,17
sandbox_coverage/sandbox_functional_converter,org.sandbox.jdt.internal.corext.fix.helper,JdtLoopExtractor.ExtractedLoop,0,9,0,0,0,4,0,1,0,1
sandbox_coverage/sandbox_functional_converter,org.sandbox.jdt.internal.corext.fix.helper,PipelineAssembler,361,189,44,16,83,49,39,13,12,10
sandbox_coverage/sandbox_functional_converter,org.sandbox.jdt.internal.corext.fix.helper,StreamConcatRefactorer,84,432,28,36,32,102,29,13,1,9
sandbox_coverage/sandbox_functional_converter,org.sandbox.jdt.internal.corext.fix.helper,ReducerType,190,168,34,4,43,39,32,5,10,4
sandbox_coverage/sandbox_functional_converter,org.sandbox.jdt.internal.corext.fix.helper,CollectPatternDetector.new ASTVisitor() {...},10,60,4,8,2,15,4,5,0,3
sandbox_coverage/sandbox_functional_converter,org.sandbox.jdt.internal.corext.fix.helper,StreamPipelineBuilder,197,330,62,38,48,75,50,19,8,11
sandbox_coverage/sandbox_functional_converter,org.sandbox.jdt.internal.corext.fix.helper,AbstractFunctionalCall,0,3,0,0,0,1,0,1,0,1
sandbox_coverage/sandbox_functional_converter,org.sandbox.jdt.internal.corext.fix.helper,TraditionalForHandler,142,424,57,55,43,120,46,24,1,13
sandbox_coverage/sandbox_functional_converter,org.sandbox.jdt.internal.corext.fix.helper,IteratorPatternDetector,34,238,18,28,17,56,18,13,0,8
sandbox_coverage/sandbox_functional_converter,org.sandbox.jdt.internal.corext.fix.helper,CollectionModificationDetector,0,223,3,21,0,38,3,12,0,3
sandbox_coverage/sandbox_functional_converter,org.sandbox.jdt.internal.corext.fix.helper,LoopTargetFormat,0,77,0,6,0,17,0,7,0,4
sandbox_coverage/sandbox_functional_converter,org.sandbox.jdt.internal.corext.fix.helper,LoopBodyParser,472,219,107,21,119,60,69,6,6,5
sandbox_coverage/sandbox_functional_converter,org.sandbox.jdt.internal.corext.fix.helper,ReducerType.MapExpressionContext,18,0,0,0,1,0,1,0,1,0
sandbox_coverage/sandbox_functional_converter,org.sandbox.jdt.internal.corext.fix.helper,ASTEnhancedForRenderer,8,143,3,7,1,35,3,7,0,5
sandbox_coverage/sandbox_functional_converter,org.sandbox.jdt.internal.corext.fix.helper,ConsecutiveLoopGroupDetector,7,163,2,26,2,49,3,14,1,2
sandbox_coverage/sandbox_functional_converter,org.sandbox.jdt.internal.corext.fix.helper,LambdaGenerator,119,76,10,8,29,22,9,7,3,4
sandbox_coverage/sandbox_functional_converter,org.sandbox.jdt.internal.corext.fix.helper,ReducePatternDetector,749,14,149,1,217,6,88,1,13,1
sandbox_coverage/sandbox_functional_converter,org.sandbox.jdt.internal.corext.fix.helper,EnhancedForHandler.new ASTVisitor() {...},0,56,0,4,0,7,0,4,0,2
sandbox_coverage/sandbox_functional_converter,org.sandbox.jdt.internal.corext.fix.helper,PreconditionsChecker.new ASTVisitor() {...},21,0,2,0,4,0,3,0,2,0
sandbox_coverage/sandbox_functional_converter,org.sandbox.jdt.internal.corext.fix.helper,ASTStreamRenderer,586,1098,45,61,123,239,39,48,5,24
sandbox_coverage/sandbox_functional_converter,org.sandbox.jdt.internal.corext.fix.helper,CollectorType,18,81,8,8,6,21,8,6,2,4
sandbox_coverage/sandbox_functional_converter,org.sandbox.jdt.internal.corext.fix.helper,LoopBodyScopeScanner,26,121,10,12,6,27,9,9,2,5
sandbox_coverage/sandbox_functional_converter,org.sandbox.jdt.internal.corext.fix.helper,EnhancedForHandler,45,718,35,80,17,174,35,38,1,14
sandbox_coverage/sandbox_functional_converter,org.sandbox.jdt.internal.corext.fix.helper,IteratorPatternDetector.IteratorPattern,0,18,0,0,0,1,0,1,0,1
sandbox_coverage/sandbox_functional_converter,org.sandbox.jdt.internal.corext.fix.helper,OperationType.new OperationType() {...},39,8,8,0,10,1,5,1,1,1
sandbox_coverage/sandbox_functional_converter,org.sandbox.jdt.internal.corext.fix.helper,OperationType.new OperationType() {...},10,8,2,0,3,1,2,1,1,1
sandbox_coverage/sandbox_functional_converter,org.sandbox.jdt.internal.corext.fix.helper,OperationType.new OperationType() {...},60,19,8,2,12,4,5,2,0,2
sandbox_coverage/sandbox_functional_converter,org.sandbox.jdt.internal.corext.fix.helper,OperationType.new OperationType() {...},10,8,2,0,3,1,2,1,1,1
sandbox_coverage/sandbox_functional_converter,org.sandbox.jdt.internal.corext.fix.helper,OperationType.new OperationType() {...},10,8,2,0,3,1,2,1,1,1
sandbox_coverage/sandbox_functional_converter,org.sandbox.jdt.internal.corext.fix.helper,OperationType.new OperationType() {...},4,8,0,0,2,1,2,1,2,1
sandbox_coverage/sandbox_functional_converter,org.sandbox.jdt.internal.corext.fix.helper,OperationType.new OperationType() {...},10,8,2,0,3,1,2,1,1,1
sandbox_coverage/sandbox_functional_converter,org.sandbox.jdt.internal.corext.fix.helper,IfStatementAnalyzer,491,11,103,1,144,5,74,1,21,1
sandbox_coverage/sandbox_functional_converter,org.sandbox.jdt.internal.corext.fix.helper,OperationType.new OperationType() {...},2,10,0,0,1,2,1,2,1,2
sandbox_coverage/sandbox_functional_converter,org.sandbox.jdt.internal.corext.fix.helper,ASTIteratorWhileRenderer,146,330,9,7,28,70,8,10,2,8
sandbox_coverage/sandbox_functional_converter,org.sandbox.jdt.internal.corext.fix.helper,StatementHandlerContext,3,12,0,0,1,5,1,2,1,2
sandbox_coverage/sandbox_functional_converter,org.sandbox.jdt.internal.corext.fix.helper,ExpressionHelper.ForEachRewriteInfo,0,12,0,0,0,1,0,1,0,1
sandbox_coverage/sandbox_functional_converter,org.sandbox.jdt.internal.corext.fix.helper,StatementHandlerType,2,77,1,3,1,14,1,3,0,2
sandbox_coverage/sandbox_functional_converter,org.sandbox.jdt.internal.corext.fix.helper,PreconditionsChecker,645,268,143,19,168,73,118,9,37,9
sandbox_coverage/sandbox_functional_converter,org.sandbox.jdt.internal.corext.fix.helper,JdtLoopExtractor,267,1732,117,286,67,413,103,133,1,32
sandbox_coverage/sandbox_functional_converter,org.sandbox.jdt.internal.corext.fix.helper,SideEffectChecker,51,68,19,13,15,21,13,7,0,4
sandbox_coverage/sandbox_functional_converter,org.sandbox.jdt.internal.corext.fix.helper,ExpressionHelper,44,277,19,25,12,60,17,14,0,9
sandbox_coverage/sandbox_functional_converter,org.sandbox.jdt.internal.corext.fix.helper,EnhancedForToIteratorWhile,9,117,5,3,5,28,5,6,1,6
sandbox_coverage/sandbox_functional_converter,org.sandbox.jdt.internal.corext.fix.helper,StatementParsingContext,3,92,0,0,1,40,1,14,1,14
sandbox_coverage/sandbox_functional_converter,org.sandbox.jdt.internal.corext.fix.helper,StreamToEnhancedFor,7,34,3,1,4,8,3,3,1,3
sandbox_coverage/sandbox_functional_converter,org.sandbox.jdt.internal.corext.fix.helper,IteratorWhileToEnhancedFor.new ASTVisitor() {...},6,87,3,5,3,18,3,3,0,2
sandbox_coverage/sandbox_functional_converter,org.sandbox.jdt.internal.corext.fix.helper,IteratorWhileHandler,10,182,7,9,6,47,7,8,1,6
sandbox_coverage/sandbox_functional_converter,org.sandbox.jdt.internal.corext.fix.helper,IteratorLoopAnalyzer,8,51,1,7,2,14,1,5,0,2
sandbox_coverage/sandbox_functional_converter,org.sandbox.jdt.internal.corext.fix.helper,TraditionalForHandler.ForLoopPattern,0,18,0,0,0,1,0,1,0,1
sandbox_coverage/sandbox_functional_converter,org.sandbox.jdt.internal.corext.fix.helper,StatementHandlerType.new StatementHandlerType() {...},352,8,40,0,82,2,29,2,9,2
sandbox_coverage/sandbox_functional_converter,org.sandbox.jdt.internal.corext.fix.helper,StreamOperationDetector,2,26,2,4,1,6,2,2,0,1
sandbox_coverage/sandbox_functional_converter,org.sandbox.jdt.internal.corext.fix.helper,ReducerType.new ReducerType() {...},8,10,0,0,2,2,2,2,2,2
sandbox_coverage/sandbox_functional_converter,org.sandbox.jdt.internal.corext.fix.helper,ReducerType.new ReducerType() {...},12,5,0,0,3,1,3,1,3,1
sandbox_coverage/sandbox_functional_converter,org.sandbox.jdt.internal.corext.fix.helper,ReducerType.new ReducerType() {...},3,10,0,0,1,2,1,2,1,2
sandbox_coverage/sandbox_functional_converter,org.sandbox.jdt.internal.corext.fix.helper,ProspectiveOperation.new ASTVisitor() {...},34,75,11,17,7,19,8,8,0,2
sandbox_coverage/sandbox_functional_converter,org.sandbox.jdt.internal.corext.fix.helper,CollectPatternDetector,23,231,14,16,11,61,15,13,1,12
sandbox_coverage/sandbox_functional_converter,org.sandbox.jdt.internal.corext.fix.helper,ReducerType.new ReducerType() {...},3,9,0,0,1,2,1,2,1,2
sandbox_coverage/sandbox_functional_converter,org.sandbox.jdt.internal.corext.fix.helper,ReducerType.new ReducerType() {...},3,16,0,2,1,4,1,3,1,2
sandbox_coverage/sandbox_functional_converter,org.sandbox.jdt.internal.corext.fix.helper,ReducerType.new ReducerType() {...},8,5,0,0,2,1,2,1,2,1
sandbox_coverage/sandbox_functional_converter,org.sandbox.jdt.internal.corext.fix.helper,ReducerType.new ReducerType() {...},8,5,0,0,2,1,2,1,2,1
sandbox_coverage/sandbox_functional_converter,org.sandbox.jdt.internal.corext.fix.helper,ReducerType.new ReducerType() {...},5,5,0,0,2,1,2,1,2,1
sandbox_coverage/sandbox_functional_converter,org.sandbox.jdt.internal.corext.fix.helper,OperationType.LambdaBodyContext,23,12,2,0,5,1,3,1,2,1
sandbox_coverage/sandbox_functional_converter,org.sandbox.jdt.internal.corext.fix.helper,IteratorLoopAnalyzer.SafetyAnalysis,0,41,0,0,0,3,0,3,0,3
sandbox_coverage/sandbox_functional_converter,org.sandbox.jdt.internal.corext.fix.helper,IfStatementAnalyzer.MatchPatternType,0,44,0,0,0,9,0,1,0,1
sandbox_coverage/sandbox_functional_converter,org.sandbox.jdt.internal.corext.fix.helper,StreamToIteratorWhile,7,39,3,1,4,9,3,3,1,3
sandbox_coverage/sandbox_functional_converter,org.sandbox.jdt.internal.corext.fix.helper,JdtLoopExtractor.LoopBodyAnalyzer,3,119,0,10,1,43,1,24,1,19
sandbox_coverage/sandbox_functional_converter,org.sandbox.jdt.internal.corext.fix.helper,IteratorLoopAnalyzer.IteratorUsageVisitor,16,72,2,10,7,21,6,8,5,3
sandbox_coverage/sandbox_functional_converter,org.sandbox.jdt.internal.corext.fix.helper,IteratorLoopBodyParser,40,109,10,10,12,21,10,4,1,3
sandbox_coverage/sandbox_functional_converter,org.sandbox.jdt.internal.corext.fix.helper,IteratorWhileHandler.new ASTVisitor() {...},6,122,3,11,3,27,3,7,0,3
sandbox_coverage/sandbox_functional_converter,org.sandbox.jdt.internal.corext.fix.helper,OperationType,15,127,0,0,4,24,3,4,3,4
sandbox_coverage/sandbox_functional_converter,org.sandbox.jdt.internal.corext.fix.helper,ConcurrentCollectionDetector,0,77,0,4,0,22,0,5,0,3
sandbox_coverage/sandbox_tools,org.sandbox.jdt.internal.corext.fix,UseIteratorToForLoopFixCore.new CompilationUnitRewriteOperationsFixCore.CompilationUnitRewriteOperationWithSourceRange() {...},5,44,1,1,2,9,1,2,0,2
sandbox_coverage/sandbox_tools,org.sandbox.jdt.internal.corext.fix,UseIteratorToForLoopFixCore,5,40,0,0,1,8,1,4,1,4
sandbox_coverage/sandbox_tools,org.sandbox.jdt.internal.ui.fix,MultiFixMessages,3,4,0,0,1,2,1,1,1,1
sandbox_coverage/sandbox_tools,org.sandbox.jdt.internal.ui.fix,UseIteratorToForLoopCleanUp,0,11,0,0,0,4,0,2,0,2
sandbox_coverage/sandbox_tools,org.sandbox.jdt.internal.ui.fix,UseIteratorToForLoopCleanUpCore,52,97,5,7,12,23,8,8,3,7
sandbox_coverage/sandbox_tools,org.sandbox.jdt.internal.corext.fix.helper,AbstractTool,7,9,0,0,2,2,2,2,2,2
sandbox_coverage/sandbox_tools,org.sandbox.jdt.internal.corext.fix.helper,WhileLoopToChangeHit,0,9,0,0,0,5,0,2,0,2
sandbox_coverage/sandbox_tools,org.sandbox.jdt.internal.corext.fix.helper,CheckNodeForValidReferences.new FluentASTVisitor() {...},265,0,60,0,69,0,40,0,10,0
sandbox_coverage/sandbox_tools,org.sandbox.jdt.internal.corext.fix.helper,CheckNodeForValidReferences,27,0,0,0,10,0,3,0,3,0
sandbox_coverage/sandbox_tools,org.sandbox.jdt.internal.corext.fix.helper,WhileToForEach,427,868,95,93,113,234,72,43,4,17
sandbox_coverage/sandbox_jface_cleanup,org.sandbox.jdt.internal.ui.preferences.cleanup,CleanUpMessages,7,0,0,0,3,0,2,0,2,0
sandbox_coverage/sandbox_jface_cleanup,org.sandbox.jdt.internal.ui.preferences.cleanup,DefaultCleanUpOptionsInitializer,0,8,0,0,0,3,0,2,0,2
sandbox_coverage/sandbox_jface_cleanup,org.sandbox.jdt.internal.ui.preferences.cleanup,SaveActionCleanUpOptionsInitializer,8,0,0,0,3,0,2,0,2,0
sandbox_coverage/sandbox_jface_cleanup,org.sandbox.jdt.internal.ui.preferences.cleanup,SandboxCodeTabPage,46,0,0,0,11,0,4,0,4,0
sandbox_coverage/sandbox_jface_cleanup,org.sandbox.jdt.internal.corext.fix,JfaceCleanUpFixCore.new CompilationUnitRewriteOperationsFixCore.CompilationUnitRewriteOperationWithSourceRange() {...},25,157,7,17,5,24,7,7,0,2
sandbox_coverage/sandbox_jface_cleanup,org.sandbox.jdt.internal.corext.fix,JfaceCleanUpFixCore,5,66,0,0,1,10,1,4,1,4
sandbox_coverage/sandbox_jface_cleanup,org.sandbox.jdt.internal.ui.fix,MultiFixMessages,3,4,0,0,1,2,1,1,1,1
sandbox_coverage/sandbox_jface_cleanup,org.sandbox.jdt.internal.ui.fix,JFaceCleanUpCore,52,94,5,7,12,23,8,8,3,7
sandbox_coverage/sandbox_jface_cleanup,org.sandbox.jdt.internal.ui.fix,JFaceCleanUp,0,11,0,0,0,4,0,2,0,2
sandbox_coverage/sandbox_jface_cleanup,org.sandbox.jdt.internal.corext.fix.helper,MissingSuperDisposePlugin,105,0,16,0,34,0,11,0,3,0
sandbox_coverage/sandbox_jface_cleanup,org.sandbox.jdt.internal.corext.fix.helper,ViewerSorterPlugin.SorterHolder,0,13,0,0,0,3,0,1,0,1
sandbox_coverage/sandbox_jface_cleanup,org.sandbox.jdt.internal.corext.fix.helper,ImageDataProviderPlugin.ImageDataHolder,0,3,0,0,0,1,0,1,0,1
sandbox_coverage/sandbox_jface_cleanup,org.sandbox.jdt.internal.corext.fix.helper,AbstractTool,0,16,0,0,0,4,0,4,0,4
sandbox_coverage/sandbox_jface_cleanup,org.sandbox.jdt.internal.corext.fix.helper,JFacePlugin,183,1117,60,110,55,281,53,52,1,19
sandbox_coverage/sandbox_jface_cleanup,org.sandbox.jdt.internal.corext.fix.helper,JFacePlugin.MonitorHolder,0,23,0,0,0,5,0,1,0,1
sandbox_coverage/sandbox_jface_cleanup,org.sandbox.jdt.internal.corext.fix.helper,JFacePlugin.FlagMappingResult,0,12,0,0,0,1,0,1,0,1
sandbox_coverage/sandbox_jface_cleanup,org.sandbox.jdt.internal.corext.fix.helper,ViewerSorterPlugin,189,550,96,92,63,149,74,41,3,18
sandbox_coverage/sandbox_jface_cleanup,org.sandbox.jdt.internal.corext.fix.helper,ImageDataProviderPlugin,61,436,31,47,22,112,29,20,1,9
sandbox_coverage/sandbox_junit_cleanup,org.sandbox.jdt.internal.ui.preferences.cleanup,SaveActionCleanUpOptionsInitializer,120,0,0,0,31,0,2,0,2,0
sandbox_coverage/sandbox_junit_cleanup,org.sandbox.jdt.internal.ui.preferences.cleanup,SandboxCodeTabPage,860,0,9,0,250,0,12,0,5,0
sandbox_coverage/sandbox_junit_cleanup,org.sandbox.jdt.internal.ui.preferences.cleanup,CleanUpMessages,4,0,0,0,2,0,1,0,1,0
sandbox_coverage/sandbox_junit_cleanup,org.sandbox.jdt.internal.ui.preferences.cleanup,SandboxCodeTabPage.new SelectionAdapter() {...},123,0,0,0,9,0,2,0,2,0
sandbox_coverage/sandbox_junit_cleanup,org.sandbox.jdt.internal.ui.preferences.cleanup,DefaultCleanUpOptionsInitializer,0,120,0,0,0,31,0,2,0,2
sandbox_coverage/sandbox_junit_cleanup,org.sandbox.jdt.internal.corext.fix,JUnitCleanUpFixCore,48,407,6,0,7,37,4,5,1,5
sandbox_coverage/sandbox_junit_cleanup,org.sandbox.jdt.internal.corext.fix,JUnitCleanUpFixCore.new CompilationUnitRewriteOperationsFixCore.CompilationUnitRewriteOperationWithSourceRange() {...},5,57,1,1,2,10,1,2,0,2
sandbox_coverage/sandbox_junit_cleanup,org.sandbox.jdt.internal.ui.fix,MultiFixMessages,0,4,0,0,0,2,0,1,0,1
sandbox_coverage/sandbox_junit_cleanup,org.sandbox.jdt.internal.ui.fix,JUnitCleanUp,0,11,0,0,0,4,0,2,0,2
sandbox_coverage/sandbox_junit_cleanup,org.sandbox.jdt.internal.ui.fix,JUnitCleanUpCore,76,294,12,12,15,59,14,11,4,9
sandbox_coverage/sandbox_junit_cleanup,org.sandbox.jdt.internal.corext.fix.helper.lib,DocumentHelper,44,65,3,3,9,16,4,2,1,2
sandbox_coverage/sandbox_junit_cleanup,org.sandbox.jdt.internal.corext.fix.helper.lib,LifecycleMethodAdapter,106,378,42,28,14,93,33,22,6,14
sandbox_coverage/sandbox_junit_cleanup,org.sandbox.jdt.internal.corext.fix.helper.lib,AbstractMethodMigrationPlugin,0,206,6,14,0,49,6,13,0,9
sandbox_coverage/sandbox_junit_cleanup,org.sandbox.jdt.internal.corext.fix.helper.lib,AbstractRuleFieldPlugin,25,78,4,4,8,21,5,5,1,5
sandbox_coverage/sandbox_junit_cleanup,org.sandbox.jdt.internal.corext.fix.helper.lib,AssertionRefactorer,7,136,1,13,2,22,2,9,1,2
sandbox_coverage/sandbox_junit_cleanup,org.sandbox.jdt.internal.corext.fix.helper.lib,TriggerPatternCleanupPlugin.RewriteRuleDelegate,8,28,0,0,3,5,3,4,3,4
sandbox_coverage/sandbox_junit_cleanup,org.sandbox.jdt.internal.corext.fix.helper.lib,ImportHelper,72,34,13,3,16,7,10,2,2,2
sandbox_coverage/sandbox_junit_cleanup,org.sandbox.jdt.internal.corext.fix.helper.lib,JUnitConstants,7,39,0,0,2,8,1,1,1,1
sandbox_coverage/sandbox_junit_cleanup,org.sandbox.jdt.internal.corext.fix.helper.lib,JunitHolder.Builder,74,0,2,0,22,0,11,0,10,0
sandbox_coverage/sandbox_junit_cleanup,org.sandbox.jdt.internal.corext.fix.helper.lib,TriggerPatternCleanupPlugin,29,162,6,12,10,37,7,15,1,12
sandbox_coverage/sandbox_junit_cleanup,org.sandbox.jdt.internal.corext.fix.helper.lib,AbstractTestAnnotationParameterPlugin,4,88,4,6,2,22,5,5,1,4
sandbox_coverage/sandbox_junit_cleanup,org.sandbox.jdt.internal.corext.fix.helper.lib,TestNameRefactorer,156,431,44,28,39,111,36,19,4,15
sandbox_coverage/sandbox_junit_cleanup,org.sandbox.jdt.internal.corext.fix.helper.lib,ExternalResourceRefactorer.CallbackConfig,0,15,0,0,0,6,0,1,0,1
sandbox_coverage/sandbox_junit_cleanup,org.sandbox.jdt.internal.corext.fix.helper.lib,JunitHolder,69,64,5,1,21,20,15,14,12,14
sandbox_coverage/sandbox_junit_cleanup,org.sandbox.jdt.internal.corext.fix.helper.lib,ExternalResourceRefactorer,194,749,68,72,50,191,60,42,5,27
sandbox_coverage/sandbox_junit_cleanup,org.sandbox.jdt.internal.corext.fix.helper.lib,AbstractTool,27,82,0,0,9,19,4,7,4,7
sandbox_coverage/sandbox_junit_cleanup,org.sandbox.jdt.internal.corext.fix.helper,AssumeJUnitPlugin,71,231,24,26,20,53,20,20,1,14
sandbox_coverage/sandbox_junit_cleanup,org.sandbox.jdt.internal.corext.fix.helper,RunWithEnclosedJUnitPlugin,41,279,29,29,15,62,25,12,1,7
sandbox_coverage/sandbox_junit_cleanup,org.sandbox.jdt.internal.corext.fix.helper,RuleTemporayFolderJUnitPlugin,37,477,8,20,12,112,8,14,1,7
sandbox_coverage/sandbox_junit_cleanup,org.sandbox.jdt.internal.corext.fix.helper,AssertJUnitPlugin,32,30,7,1,8,10,5,7,1,7
sandbox_coverage/sandbox_junit_cleanup,org.sandbox.jdt.internal.corext.fix.helper,RunWithTheoriesJUnitPlugin,71,465,51,36,29,111,46,14,1,11
sandbox_coverage/sandbox_junit_cleanup,org.sandbox.jdt.internal.corext.fix.helper,BeforeJUnitPlugin,0,11,0,2,0,5,0,4,0,3
sandbox_coverage/sandbox_junit_cleanup,org.sandbox.jdt.internal.corext.fix.helper,AssertOptimizationJUnitPlugin,206,820,104,120,50,191,89,40,2,15
sandbox_coverage/sandbox_junit_cleanup,org.sandbox.jdt.internal.corext.fix.helper,ParameterizedTestJUnitPlugin,85,787,53,79,17,182,47,30,1,10
sandbox_coverage/sandbox_junit_cleanup,org.sandbox.jdt.internal.corext.fix.helper,RuleTimeoutJUnitPlugin,50,338,25,23,20,77,22,11,1,8
sandbox_coverage/sandbox_junit_cleanup,org.sandbox.jdt.internal.corext.fix.helper,ExternalResourceJUnitPlugin,13,106,6,8,4,26,5,9,1,6
sandbox_coverage/sandbox_junit_cleanup,org.sandbox.jdt.internal.corext.fix.helper,TestTimeoutJUnitPlugin,15,175,8,10,9,46,8,7,1,5
sandbox_coverage/sandbox_junit_cleanup,org.sandbox.jdt.internal.corext.fix.helper,AssumeOptimizationJUnitPlugin,13,151,10,16,7,38,10,10,1,6
sandbox_coverage/sandbox_junit_cleanup,org.sandbox.jdt.internal.corext.fix.helper,RunWithJUnitPlugin,39,379,25,23,16,91,20,13,1,8
sandbox_coverage/sandbox_junit_cleanup,org.sandbox.jdt.internal.corext.fix.helper,RuleExpectedExceptionJUnitPlugin.ExpectedExceptionInfo,8,47,0,2,4,18,2,11,2,10
sandbox_coverage/sandbox_junit_cleanup,org.sandbox.jdt.internal.corext.fix.helper,TestExpectedJUnitPlugin,15,183,8,14,9,44,8,9,1,5
sandbox_coverage/sandbox_junit_cleanup,org.sandbox.jdt.internal.corext.fix.helper,TestJUnit3Plugin,369,3,66,0,85,1,48,1,14,1
sandbox_coverage/sandbox_junit_cleanup,org.sandbox.jdt.internal.corext.fix.helper,RuleErrorCollectorJUnitPlugin.ErrorCollectorCall,0,12,0,0,0,5,0,1,0,1
sandbox_coverage/sandbox_junit_cleanup,org.sandbox.jdt.internal.corext.fix.helper,FixMethodOrderJUnitPlugin,25,173,6,10,9,42,6,9,1,6
sandbox_coverage/sandbox_junit_cleanup,org.sandbox.jdt.internal.corext.fix.helper,CategoryJUnitPlugin,16,245,13,19,5,58,13,12,1,8
sandbox_coverage/sandbox_junit_cleanup,org.sandbox.jdt.internal.corext.fix.helper,RuleExternalResourceJUnitPlugin,6,143,5,7,3,31,5,9,1,7
sandbox_coverage/sandbox_junit_cleanup,org.sandbox.jdt.internal.corext.fix.helper,LostTestFinderJUnitPlugin,44,427,25,69,13,99,19,42,1,13
sandbox_coverage/sandbox_junit_cleanup,org.sandbox.jdt.internal.corext.fix.helper,RuleTestnameJUnitPlugin,6,18,2,0,3,6,2,4,1,4
sandbox_coverage/sandbox_junit_cleanup,org.sandbox.jdt.internal.corext.fix.helper,RunWithCategoriesJUnitPlugin.CategoriesData,0,13,0,0,0,3,0,1,0,1
sandbox_coverage/sandbox_junit_cleanup,org.sandbox.jdt.internal.corext.fix.helper,ThrowingRunnableJUnitPlugin,150,508,79,61,38,125,59,30,1,18
sandbox_coverage/sandbox_junit_cleanup,org.sandbox.jdt.internal.corext.fix.helper,AfterJUnitPlugin,6,5,2,0,3,2,2,2,1,2
sandbox_coverage/sandbox_junit_cleanup,org.sandbox.jdt.internal.corext.fix.helper,RunWithCategoriesJUnitPlugin,33,487,30,44,14,117,28,21,1,11
sandbox_coverage/sandbox_junit_cleanup,org.sandbox.jdt.internal.corext.fix.helper,RuleExpectedExceptionJUnitPlugin,30,575,23,49,16,127,22,26,1,11
sandbox_coverage/sandbox_junit_cleanup,org.sandbox.jdt.internal.corext.fix.helper,IgnoreJUnitPlugin,7,141,3,9,3,36,3,8,0,5
sandbox_coverage/sandbox_junit_cleanup,org.sandbox.jdt.internal.corext.fix.helper,BeforeClassJUnitPlugin,6,5,2,0,3,2,2,2,1,2
sandbox_coverage/sandbox_junit_cleanup,org.sandbox.jdt.internal.corext.fix.helper,RuleErrorCollectorJUnitPlugin,64,407,22,32,15,92,18,21,1,11
sandbox_coverage/sandbox_junit_cleanup,org.sandbox.jdt.internal.corext.fix.helper,RuleTimeoutJUnitPlugin.TimeoutInfo,0,9,0,0,0,4,0,1,0,1
sandbox_coverage/sandbox_junit_cleanup,org.sandbox.jdt.internal.corext.fix.helper,AfterClassJUnitPlugin,6,5,2,0,3,2,2,2,1,2
sandbox_coverage/sandbox_junit_cleanup,org.sandbox.jdt.internal.corext.fix.helper,TestJUnitPlugin,6,32,2,0,3,10,2,4,1,4
sandbox_coverage/sandbox_xml_cleanup,org.sandbox.jdt.internal.ui.preferences.cleanup,CleanUpMessages,7,0,0,0,3,0,2,0,2,0
sandbox_coverage/sandbox_xml_cleanup,org.sandbox.jdt.internal.ui.preferences.cleanup,DefaultCleanUpOptionsInitializer,0,8,0,0,0,3,0,2,0,2
sandbox_coverage/sandbox_xml_cleanup,org.sandbox.jdt.internal.ui.preferences.cleanup,SaveActionCleanUpOptionsInitializer,8,0,0,0,3,0,2,0,2,0
sandbox_coverage/sandbox_xml_cleanup,org.sandbox.jdt.internal.ui.preferences.cleanup,SandboxCodeTabPage,68,0,0,0,16,0,4,0,4,0
sandbox_coverage/sandbox_xml_cleanup,org.sandbox.jdt.internal.corext.fix,XMLCleanUpFixCore,71,0,4,0,13,0,8,0,6,0
sandbox_coverage/sandbox_xml_cleanup,org.sandbox.jdt.internal.corext.fix,XMLCleanUpFixCore.new CompilationUnitRewriteOperationsFixCore.CompilationUnitRewriteOperation() {...},53,0,4,0,12,0,4,0,2,0
sandbox_coverage/sandbox_xml_cleanup,org.sandbox.jdt.internal.ui.handlers,XMLCleanupHandler.new Job() {...},17,0,0,0,2,0,2,0,2,0
sandbox_coverage/sandbox_xml_cleanup,org.sandbox.jdt.internal.ui.handlers,XMLCleanupHandler,238,0,28,0,65,0,19,0,5,0
sandbox_coverage/sandbox_xml_cleanup,org.sandbox.jdt.internal.ui.fix,XMLCleanUpCore,152,0,12,0,38,0,16,0,10,0
sandbox_coverage/sandbox_xml_cleanup,org.sandbox.jdt.internal.ui.fix,MultiFixMessages,7,0,0,0,3,0,2,0,2,0
sandbox_coverage/sandbox_xml_cleanup,org.sandbox.jdt.internal.ui.fix,XMLCleanUp,11,0,0,0,4,0,2,0,2,0
sandbox_coverage/sandbox_xml_cleanup,org.sandbox.jdt.internal.corext.fix.helper,XMLCleanupService,221,0,26,0,61,0,20,0,7,0
sandbox_coverage/sandbox_xml_cleanup,org.sandbox.jdt.internal.corext.fix.helper,ExsdMarkerResolutionGenerator,33,0,0,0,10,0,4,0,4,0
sandbox_coverage/sandbox_xml_cleanup,org.sandbox.jdt.internal.corext.fix.helper,XMLPlugin,302,0,38,0,81,0,29,0,10,0
sandbox_coverage/sandbox_xml_cleanup,org.sandbox.jdt.internal.corext.fix.helper,XMLCandidateHit,12,0,0,0,6,0,2,0,2,0
sandbox_coverage/sandbox_xml_cleanup,org.sandbox.jdt.internal.corext.fix.helper,XMLCleanupService.new IResourceVisitor() {...},80,0,14,0,16,0,9,0,2,0
sandbox_coverage/sandbox_xml_cleanup,org.sandbox.jdt.internal.corext.fix.helper,SchemaTransformationUtils,12,169,1,5,3,42,3,6,2,4
sandbox_coverage/sandbox_xml_cleanup,org.sandbox.jdt.internal.corext.fix.helper,AbstractTool,16,0,0,0,4,0,4,0,4,0
sandbox_coverage/sandbox_xml_cleanup,org.sandbox.jdt.internal.corext.fix.helper,ReplaceSpacesWithTabsQuickFix,179,0,16,0,45,0,12,0,4,0
sandbox_coverage/sandbox_method_reuse,org.sandbox.jdt.internal.ui.preferences.cleanup,CleanUpMessages,4,0,0,0,2,0,1,0,1,0
sandbox_coverage/sandbox_method_reuse,org.sandbox.jdt.internal.ui.preferences.cleanup,DefaultCleanUpOptionsInitializer,0,12,0,0,0,4,0,2,0,2
sandbox_coverage/sandbox_method_reuse,org.sandbox.jdt.internal.ui.preferences.cleanup,SaveActionCleanUpOptionsInitializer,12,0,0,0,4,0,2,0,2,0
sandbox_coverage/sandbox_method_reuse,org.sandbox.jdt.internal.ui.preferences.cleanup,SandboxCodeTabPage,60,0,0,0,15,0,4,0,4,0
sandbox_coverage/sandbox_method_reuse,org.sandbox.jdt.internal.corext.fix,MethodReuseFixCore.new TargetSourceRangeComputer() {...},21,0,2,0,4,0,3,0,2,0
sandbox_coverage/sandbox_method_reuse,org.sandbox.jdt.internal.corext.fix,MethodReuseFixCore.new CompilationUnitRewriteOperationsFixCore.CompilationUnitRewriteOperationWithSourceRange() {...},43,0,0,0,8,0,2,0,2,0
sandbox_coverage/sandbox_method_reuse,org.sandbox.jdt.internal.corext.fix,MethodReuseFixCore,49,0,0,0,10,0,5,0,5,0
sandbox_coverage/sandbox_method_reuse,org.sandbox.jdt.internal.corext.fix,MethodReuseCleanUpFixCore.new CompilationUnitRewriteOperationsFixCore.CompilationUnitRewriteOperation() {...},0,34,0,0,0,7,0,2,0,2
sandbox_coverage/sandbox_method_reuse,org.sandbox.jdt.internal.corext.fix,MethodReuseCleanUpFixCore,8,55,0,0,2,11,1,5,1,5
sandbox_coverage/sandbox_method_reuse,org.sandbox.jdt.internal.ui.fix,MultiFixMessages,3,4,0,0,1,2,1,1,1,1
sandbox_coverage/sandbox_method_reuse,org.sandbox.jdt.internal.ui.fix,MethodReuseCleanUpCore,34,84,13,9,12,18,13,5,2,5
sandbox_coverage/sandbox_method_reuse,org.sandbox.jdt.internal.ui.fix,MethodReuseCleanUp,0,11,0,0,0,4,0,2,0,2
sandbox_coverage/sandbox_method_reuse,org.sandbox.jdt.internal.corext.fix.helper.lib,SideEffectAnalyzer,78,0,18,0,26,0,15,0,6,0
sandbox_coverage/sandbox_method_reuse,org.sandbox.jdt.internal.corext.fix.helper.lib,VariableMapping,20,86,2,6,3,16,4,9,2,7
sandbox_coverage/sandbox_method_reuse,org.sandbox.jdt.internal.corext.fix.helper.lib,MethodCallReplacer,121,97,29,9,30,25,20,4,3,2
sandbox_coverage/sandbox_method_reuse,org.sandbox.jdt.internal.corext.fix.helper.lib,CodePatternMatcher,49,0,14,0,13,0,12,0,5,0
sandbox_coverage/sandbox_method_reuse,org.sandbox.jdt.internal.corext.fix.helper.lib,InlineCodeSequenceFinder,10,99,5,13,4,24,6,8,1,4
sandbox_coverage/sandbox_method_reuse,org.sandbox.jdt.internal.corext.fix.helper.lib,SideEffectAnalyzer.FieldModificationVisitor,73,0,18,0,21,0,15,0,6,0
sandbox_coverage/sandbox_method_reuse,org.sandbox.jdt.internal.corext.fix.helper.lib,AbstractMethodReuse,2,3,0,0,2,1,2,1,2,1
sandbox_coverage/sandbox_method_reuse,org.sandbox.jdt.internal.corext.fix.helper.lib,SideEffectAnalyzer.UnsafeMethodCallVisitor,46,0,10,0,13,0,9,0,4,0
sandbox_coverage/sandbox_method_reuse,org.sandbox.jdt.internal.corext.fix.helper.lib,CodeSequenceMatcher.VariableMappingMatcher,4,40,2,4,2,13,2,3,0,2
sandbox_coverage/sandbox_method_reuse,org.sandbox.jdt.internal.corext.fix.helper.lib,CodeSequenceMatcher,17,106,9,19,8,26,10,7,1,2
sandbox_coverage/sandbox_method_reuse,org.sandbox.jdt.internal.corext.fix.helper.lib,InlineCodeSequenceFinder.InlineSequenceMatch,3,18,0,0,1,7,1,3,1,3
sandbox_coverage/sandbox_method_reuse,org.sandbox.jdt.internal.corext.fix.helper.lib,MethodSignatureAnalyzer,63,0,12,0,13,0,11,0,5,0
sandbox_coverage/sandbox_method_reuse,org.sandbox.jdt.internal.corext.fix.helper,MethodReusePlugin,8,3,2,0,5,1,4,1,3,1
sandbox_coverage/sandbox_method_reuse,org.sandbox.jdt.internal.corext.fix.helper,InlineSequencesPlugin,87,274,23,21,23,63,21,8,1,6
sandbox_coverage/sandbox_method_reuse,org.sandbox.jdt.internal.corext.fix.helper,MethodReuseFinder,26,0,6,0,9,0,10,0,7,0
sandbox_coverage/sandbox_triggerpattern,org.sandbox.jdt.triggerpattern.shift,ShiftOutOfRangeHintProvider,195,0,48,0,55,0,29,0,5,0
sandbox_coverage/sandbox_triggerpattern,org.sandbox.jdt.internal.ui.fix,OverridableCallInConstructorCleanUpCore,16,10,2,0,7,5,5,3,4,3
sandbox_coverage/sandbox_triggerpattern,org.sandbox.jdt.internal.ui.fix,MultiFixMessages,0,4,0,0,0,2,0,1,0,1
sandbox_coverage/sandbox_triggerpattern,org.sandbox.jdt.internal.ui.fix,ObsoleteCollectionCleanUpCore,16,10,2,0,7,5,5,3,4,3
sandbox_coverage/sandbox_triggerpattern,org.sandbox.jdt.internal.ui.fix,ThreadingCleanUp,0,11,0,0,0,4,0,2,0,2
sandbox_coverage/sandbox_triggerpattern,org.sandbox.jdt.internal.ui.fix,ThreadingCleanUpCore,16,68,3,7,6,22,4,8,2,5
sandbox_coverage/sandbox_triggerpattern,org.sandbox.jdt.internal.ui.fix,SystemOutCleanUp,0,11,0,0,0,4,0,2,0,2
sandbox_coverage/sandbox_triggerpattern,org.sandbox.jdt.internal.ui.fix,HintFileCleanUpCore,193,5,40,0,53,3,26,2,6,2
sandbox_coverage/sandbox_triggerpattern,org.sandbox.jdt.internal.ui.fix,WrongStringComparisonCleanUpCore,14,12,2,0,6,6,4,4,3,4
sandbox_coverage/sandbox_triggerpattern,org.sandbox.jdt.internal.ui.fix,SystemOutCleanUpCore,16,10,2,0,7,5,5,3,4,3
sandbox_coverage/sandbox_triggerpattern,org.sandbox.jdt.internal.ui.fix,StringSimplificationCleanUp,0,11,0,0,0,4,0,2,0,2
sandbox_coverage/sandbox_triggerpattern,org.sandbox.jdt.internal.ui.fix,PrintStackTraceCleanUpCore,16,10,2,0,7,5,5,3,4,3
sandbox_coverage/sandbox_triggerpattern,org.sandbox.jdt.internal.ui.fix,ObsoleteCollectionCleanUp,0,11,0,0,0,4,0,2,0,2
sandbox_coverage/sandbox_triggerpattern,org.sandbox.jdt.internal.ui.fix,MissingHashCodeCleanUp,0,11,0,0,0,4,0,2,0,2
sandbox_coverage/sandbox_triggerpattern,org.sandbox.jdt.internal.ui.fix,PrintStackTraceCleanUp,0,11,0,0,0,4,0,2,0,2
sandbox_coverage/sandbox_triggerpattern,org.sandbox.jdt.internal.ui.fix,WrongStringComparisonCleanUp,0,11,0,0,0,4,0,2,0,2
sandbox_coverage/sandbox_triggerpattern,org.sandbox.jdt.internal.ui.fix,StringSimplificationCleanUpCore,16,68,3,7,6,22,4,8,2,5
sandbox_coverage/sandbox_triggerpattern,org.sandbox.jdt.internal.ui.fix,HintFileCleanUp,0,11,0,0,0,4,0,2,0,2
sandbox_coverage/sandbox_triggerpattern,org.sandbox.jdt.internal.ui.fix,MissingHashCodeCleanUpCore,16,10,2,0,7,5,5,3,4,3
sandbox_coverage/sandbox_triggerpattern,org.sandbox.jdt.internal.ui.fix,ShiftOutOfRangeCleanUpCore,16,68,3,7,6,22,4,8,2,5
sandbox_coverage/sandbox_triggerpattern,org.sandbox.jdt.internal.ui.fix,OverridableCallInConstructorCleanUp,0,11,0,0,0,4,0,2,0,2
sandbox_coverage/sandbox_triggerpattern,org.sandbox.jdt.internal.ui.fix,ShiftOutOfRangeCleanUp,0,11,0,0,0,4,0,2,0,2
sandbox_coverage/sandbox_triggerpattern,org.sandbox.jdt.internal.ui.fix,AbstractSandboxCleanUpCore,12,78,3,11,3,21,4,8,1,4
sandbox_coverage/sandbox_triggerpattern,org.sandbox.jdt.internal.ui.preferences,LlmPreferencePage.new StringFieldEditor() {...},35,0,4,0,9,0,4,0,2,0
sandbox_coverage/sandbox_triggerpattern,org.sandbox.jdt.internal.ui.preferences,LlmPreferencePage,156,0,0,0,39,0,4,0,4,0
sandbox_coverage/sandbox_triggerpattern,org.sandbox.jdt.internal.ui.preferences,LlmPreferenceInitializer,28,0,0,0,8,0,2,0,2,0
sandbox_coverage/sandbox_triggerpattern,org.sandbox.jdt.triggerpattern.string,StringSimplificationHintProvider,1044,0,92,0,315,0,61,0,15,0
sandbox_coverage/sandbox_triggerpattern,org.sandbox.jdt.internal.ui.views.mining,CommitTableEntry,115,0,20,0,27,0,22,0,12,0
sandbox_coverage/sandbox_triggerpattern,org.sandbox.jdt.internal.ui.views.mining,RefactoringMiningView.new Action() {...},16,0,2,0,4,0,3,0,2,0
sandbox_coverage/sandbox_triggerpattern,org.sandbox.jdt.internal.ui.views.mining,RefactoringMiningView.new Action() {...},11,0,0,0,3,0,2,0,2,0
sandbox_coverage/sandbox_triggerpattern,org.sandbox.jdt.internal.ui.views.mining,RefactoringMiningView.new ISelectionChangedListener() {...},34,0,4,0,7,0,4,0,2,0
sandbox_coverage/sandbox_triggerpattern,org.sandbox.jdt.internal.ui.views.mining,CommitAnalysisScheduler,109,0,10,0,28,0,12,0,7,0
sandbox_coverage/sandbox_triggerpattern,org.sandbox.jdt.internal.ui.views.mining,RefactoringMiningView.new Action() {...},11,0,0,0,3,0,2,0,2,0
sandbox_coverage/sandbox_triggerpattern,org.sandbox.jdt.internal.ui.views.mining,CommitTableContentProvider,14,0,2,0,4,0,3,0,2,0
sandbox_coverage/sandbox_triggerpattern,org.sandbox.jdt.internal.ui.views.mining,RefactoringMiningView,437,0,28,0,96,0,28,0,14,0
sandbox_coverage/sandbox_triggerpattern,org.sandbox.jdt.internal.ui.views.mining,InferredRuleDetailPanel,597,0,60,0,111,0,38,0,7,0
sandbox_coverage/sandbox_triggerpattern,org.sandbox.jdt.internal.ui.views.mining,CommitTableLabelProvider,219,0,36,0,52,0,34,0,13,0
sandbox_coverage/sandbox_triggerpattern,org.sandbox.jdt.internal.ui.views.mining,CommitAnalysisJob,407,0,40,0,84,0,26,0,6,0
sandbox_coverage/sandbox_triggerpattern,org.sandbox.jdt.internal.ui.preferences.cleanup,SaveActionCleanUpOptionsInitializer,68,0,0,0,18,0,2,0,2,0
sandbox_coverage/sandbox_triggerpattern,org.sandbox.jdt.internal.ui.preferences.cleanup,SandboxCodeTabPage,579,0,0,0,164,0,4,0,4,0
sandbox_coverage/sandbox_triggerpattern,org.sandbox.jdt.internal.ui.preferences.cleanup,CleanUpMessages,4,0,0,0,2,0,1,0,1,0
sandbox_coverage/sandbox_triggerpattern,org.sandbox.jdt.internal.ui.preferences.cleanup,DefaultCleanUpOptionsInitializer,0,68,0,0,0,18,0,2,0,2
sandbox_coverage/sandbox_triggerpattern,org.sandbox.jdt.internal.corext.fix,MissingHashCodeFixCore.new ASTVisitor() {...},8,92,10,10,3,21,9,3,0,2
sandbox_coverage/sandbox_triggerpattern,org.sandbox.jdt.internal.corext.fix,WrongStringComparisonFixCore,3,7,0,0,1,2,1,1,1,1
sandbox_coverage/sandbox_triggerpattern,org.sandbox.jdt.internal.corext.fix,StringSimplificationFixCore.SimplifyTernaryOperation,2,77,3,5,2,23,3,3,0,2
sandbox_coverage/sandbox_triggerpattern,org.sandbox.jdt.internal.corext.fix,ShiftOutOfRangeFixCore.ShiftOutOfRangeOperation,1,44,1,1,1,13,1,2,0,2
sandbox_coverage/sandbox_triggerpattern,org.sandbox.jdt.internal.corext.fix,StringSimplificationFixCore.IsEmptyOperation,1,59,2,2,1,16,2,2,0,2
sandbox_coverage/sandbox_triggerpattern,org.sandbox.jdt.internal.corext.fix,StringSimplificationFixCore.SimplifyBooleanOperation,2,77,3,5,2,23,3,3,0,2
sandbox_coverage/sandbox_triggerpattern,org.sandbox.jdt.internal.corext.fix,ShiftOutOfRangeFixCore,9,214,18,36,7,50,19,12,1,3
sandbox_coverage/sandbox_triggerpattern,org.sandbox.jdt.internal.corext.fix,StringSimplificationFixCore.MethodToStringValueOfOperation,2,68,3,3,2,18,3,2,0,2
sandbox_coverage/sandbox_triggerpattern,org.sandbox.jdt.internal.corext.fix,StringSimplificationFixCore.ObjectsEqualsOperation,2,107,5,5,2,27,5,2,0,2
sandbox_coverage/sandbox_triggerpattern,org.sandbox.jdt.internal.corext.fix,OverridableCallInConstructorFixCore.new ASTVisitor() {...},0,30,1,3,0,6,1,3,0,2
sandbox_coverage/sandbox_triggerpattern,org.sandbox.jdt.internal.corext.fix,OverridableCallInConstructorFixCore.1.new ASTVisitor() {...},7,57,7,5,2,16,6,2,0,2
sandbox_coverage/sandbox_triggerpattern,org.sandbox.jdt.internal.corext.fix,StringSimplificationFixCore.CollectionIsEmptyOperation,1,83,2,4,1,25,2,3,0,2
sandbox_coverage/sandbox_triggerpattern,org.sandbox.jdt.internal.corext.fix,ThreadingFixCore,20,75,7,11,8,21,6,8,1,4
sandbox_coverage/sandbox_triggerpattern,org.sandbox.jdt.internal.corext.fix,MissingHashCodeFixCore,3,8,0,0,1,2,1,1,1,1
sandbox_coverage/sandbox_triggerpattern,org.sandbox.jdt.internal.corext.fix,WrongStringComparisonFixCore.new ASTVisitor() {...},2,68,2,12,1,17,2,7,0,2
sandbox_coverage/sandbox_triggerpattern,org.sandbox.jdt.internal.corext.fix,StringSimplificationFixCore.RequireNonNullElseOperation,2,95,5,5,2,24,5,2,0,2
sandbox_coverage/sandbox_triggerpattern,org.sandbox.jdt.internal.corext.fix,ThreadingFixCore.ThreadRunToStartOperation,1,57,2,2,1,16,2,2,0,2
sandbox_coverage/sandbox_triggerpattern,org.sandbox.jdt.internal.corext.fix,OverridableCallInConstructorFixCore,3,8,0,0,1,2,1,1,1,1
sandbox_coverage/sandbox_triggerpattern,org.sandbox.jdt.internal.corext.fix,StringSimplificationFixCore.StringValueOfOperation,2,71,3,3,2,19,3,2,0,2
sandbox_coverage/sandbox_triggerpattern,org.sandbox.jdt.internal.corext.fix,WrongStringComparisonFixCore.WrongStringComparisonOperation,0,80,0,2,0,25,0,3,0,2
sandbox_coverage/sandbox_triggerpattern,org.sandbox.jdt.internal.corext.fix,StringSimplificationFixCore,3,406,0,28,1,58,1,16,1,2
sandbox_coverage/sandbox_triggerpattern,org.sandbox.jdt.internal.corext.fix,PrintStackTraceFixCore,8,20,2,2,3,6,3,2,1,2
sandbox_coverage/sandbox_triggerpattern,org.sandbox.jdt.internal.corext.fix,PrintStackTraceFixCore.new ASTVisitor() {...},4,55,5,5,2,14,5,2,0,2
sandbox_coverage/sandbox_triggerpattern,org.sandbox.jdt.internal.corext.fix,SystemOutFixCore.new ASTVisitor() {...},2,40,2,2,1,11,2,2,0,2
sandbox_coverage/sandbox_triggerpattern,org.sandbox.jdt.internal.corext.fix,ObsoleteCollectionFixCore,3,14,0,0,1,7,1,2,1,2
sandbox_coverage/sandbox_triggerpattern,org.sandbox.jdt.internal.corext.fix,SystemOutFixCore,91,27,28,4,23,6,18,3,3,2
sandbox_coverage/sandbox_triggerpattern,org.sandbox.jdt.internal.corext.fix,ObsoleteCollectionFixCore.new ASTVisitor() {...},35,51,7,3,8,13,5,3,0,3
sandbox_coverage/sandbox_triggerpattern,org.sandbox.jdt.internal.ui.handlers,MineDiffHandler.new Job() {...},39,0,6,0,8,0,5,0,2,0
sandbox_coverage/sandbox_triggerpattern,org.sandbox.jdt.internal.ui.handlers,MineDiffHandler,118,0,14,0,36,0,12,0,5,0
sandbox_coverage/sandbox_triggerpattern,org.sandbox.jdt.internal.ui.handlers,MineWorkingTreeHandler.new Job() {...},20,0,0,0,2,0,2,0,2,0
sandbox_coverage/sandbox_triggerpattern,org.sandbox.jdt.internal.ui.handlers,MineWorkingTreeHandler,167,0,20,0,48,0,17,0,7,0
sandbox_coverage/sandbox_triggerpattern,org.sandbox.jdt.internal.ui.editor,DslContentAssistProcessor,244,0,10,0,63,0,15,0,10,0
sandbox_coverage/sandbox_triggerpattern,org.sandbox.jdt.triggerpattern.concurrency,DoubleCheckLockingHintProvider,183,0,42,0,58,0,26,0,5,0
sandbox_coverage/sandbox_triggerpattern,org.sandbox.jdt.triggerpattern.encoding,EncodingHolder,28,0,2,0,8,0,6,0,5,0
sandbox_coverage/sandbox_triggerpattern,org.sandbox.jdt.triggerpattern.encoding,CharsetForNameEncodingPlugin,31,0,2,0,10,0,5,0,4,0
sandbox_coverage/sandbox_triggerpattern,org.sandbox.jdt.triggerpattern.encoding,StringGetBytesEncodingPlugin,31,0,2,0,10,0,5,0,4,0
sandbox_coverage/sandbox_triggerpattern,org.sandbox.jdt.triggerpattern.encoding,StringConstructorEncodingPlugin,31,0,2,0,10,0,5,0,4,0
sandbox_coverage/sandbox_triggerpattern,org.sandbox.jdt.triggerpattern.mining.llm,EclipseLlmService,149,0,38,0,39,0,28,0,9,0
sandbox_coverage/sandbox_triggerpattern,org.sandbox.jdt.internal.ui.quickassist,DslFromSelectionAssistProcessor.DslRuleProposal.new Job() {...},88,0,8,0,14,0,6,0,2,0
sandbox_coverage/sandbox_triggerpattern,org.sandbox.jdt.internal.ui.quickassist,DslFromSelectionAssistProcessor.DslRuleProposal,101,0,4,0,35,0,12,0,10,0
sandbox_coverage/sandbox_triggerpattern,org.sandbox.jdt.internal.ui.quickassist,DslFromSelectionAssistProcessor,41,0,6,0,10,0,7,0,4,0
sandbox_coverage/sandbox_usage_view,org.sandbox.jdt.ui.helper.views.preferences,UsageViewPreferencePage,22,0,0,0,10,0,3,0,3,0
sandbox_coverage/sandbox_usage_view,org.sandbox.jdt.ui.helper.views,NamingConflictFilter,15,101,4,10,3,16,4,9,1,5
sandbox_coverage/sandbox_usage_view,org.sandbox.jdt.ui.helper.views,JHViewContentProvider,154,103,18,10,29,30,17,9,4,8
sandbox_coverage/sandbox_usage_view,org.sandbox.jdt.ui.helper.views,JHPluginImages,9,45,0,0,4,12,0,3,0,3
sandbox_coverage/sandbox_usage_view,org.sandbox.jdt.ui.helper.views,JavaHelperView.new IPartListener2() {...},46,31,8,4,5,10,10,8,4,8
sandbox_coverage/sandbox_usage_view,org.sandbox.jdt.ui.helper.views,JavaHelperView.new Action() {...},27,8,0,0,8,1,1,1,1,1
sandbox_coverage/sandbox_usage_view,org.sandbox.jdt.ui.helper.views,JavaHelperView.new Action() {...},14,8,0,0,2,1,2,1,2,1
sandbox_coverage/sandbox_usage_view,org.sandbox.jdt.ui.helper.views,JavaHelperView.new Action() {...},9,8,0,0,3,1,1,1,1,1
sandbox_coverage/sandbox_usage_view,org.sandbox.jdt.ui.helper.views,TypeWideningCache,22,8,0,0,7,2,4,1,4,1
sandbox_coverage/sandbox_usage_view,org.sandbox.jdt.ui.helper.views,JavaHelperView.new Action() {...},4,7,0,0,2,1,1,1,1,1
sandbox_coverage/sandbox_usage_view,org.sandbox.jdt.ui.helper.views,JavaHelperView.new Action() {...},6,8,0,0,2,1,1,1,1,1
sandbox_coverage/sandbox_usage_view,org.sandbox.jdt.ui.helper.views,UsageViewStartup,7,37,4,4,2,15,4,3,0,3
sandbox_coverage/sandbox_usage_view,org.sandbox.jdt.ui.helper.views,UsageViewPlugin,4,22,0,0,1,11,1,5,1,5
sandbox_coverage/sandbox_usage_view,org.sandbox.jdt.ui.helper.views,VariableBindingContentProviderWithProgress,298,0,42,0,66,0,30,0,9,0
sandbox_coverage/sandbox_usage_view,org.sandbox.jdt.ui.helper.views,JavaHelperView,867,505,144,10,233,125,99,18,22,18
sandbox_coverage/sandbox_usage_view,org.sandbox.jdt.ui.helper.views,VariableNameSuggester,124,0,24,0,34,0,17,0,5,0
sandbox_coverage/sandbox_usage_view,org.sandbox.jdt.ui.helper.views,JHViewSelectionProvider,99,40,18,0,22,12,12,4,3,4
sandbox_coverage/sandbox_usage_view,org.sandbox.jdt.ui.helper.views,VariableBindingVisitor,0,40,0,2,0,12,0,6,0,5
sandbox_coverage/sandbox_usage_view,org.sandbox.jdt.ui.helper.views,FieldOrJavaVariable,33,0,0,0,14,0,7,0,7,0
sandbox_coverage/sandbox_usage_view,org.sandbox.jdt.ui.helper.views.colum,WidestTypeColumn.new ConflictHighlightingLabelProvider() {...},12,6,0,0,2,1,2,1,2,1
sandbox_coverage/sandbox_usage_view,org.sandbox.jdt.ui.helper.views.colum,WidestTypeColumn,76,33,12,0,22,9,12,3,6,3
sandbox_coverage/sandbox_usage_view,org.sandbox.jdt.ui.helper.views.colum,AbstractColumn.new SelectionAdapter() {...},22,15,0,0,6,1,1,1,1,1
sandbox_coverage/sandbox_usage_view,org.sandbox.jdt.ui.helper.views.colum,QualifiednameColumn.new ConflictHighlightingLabelProvider() {...},13,0,0,0,3,0,2,0,2,0
sandbox_coverage/sandbox_usage_view,org.sandbox.jdt.ui.helper.views.colum,QualifiednameColumn,34,27,4,0,9,5,6,2,4,2
sandbox_coverage/sandbox_usage_view,org.sandbox.jdt.ui.helper.views.colum,QualifiednameColumn.new ConflictHighlightingLabelProvider() {...},7,6,0,0,2,1,1,1,1,1
sandbox_coverage/sandbox_usage_view,org.sandbox.jdt.ui.helper.views.colum,AbstractColumn,13,62,0,0,4,16,2,6,2,6
sandbox_coverage/sandbox_usage_view,org.sandbox.jdt.ui.helper.views.colum,NameColumn.new ConflictHighlightingLabelProvider() {...},12,0,0,0,3,0,2,0,2,0
sandbox_coverage/sandbox_usage_view,org.sandbox.jdt.ui.helper.views.colum,NameColumn.new ConflictHighlightingLabelProvider() {...},6,6,0,0,2,1,1,1,1,1
sandbox_coverage/sandbox_usage_view,org.sandbox.jdt.ui.helper.views.colum,DeprecatedColumn.new ConflictHighlightingLabelProvider() {...},13,0,0,0,3,0,2,0,2,0
sandbox_coverage/sandbox_usage_view,org.sandbox.jdt.ui.helper.views.colum,DeprecatedColumn.new ConflictHighlightingLabelProvider() {...},7,6,0,0,2,1,1,1,1,1
sandbox_coverage/sandbox_usage_view,org.sandbox.jdt.ui.helper.views.colum,AlternatingColumnLabelProvider,27,0,4,0,7,0,4,0,2,0
sandbox_coverage/sandbox_usage_view,org.sandbox.jdt.ui.helper.views.colum,PackageColumn,52,27,8,0,16,5,9,2,5,2
sandbox_coverage/sandbox_usage_view,org.sandbox.jdt.ui.helper.views.colum,ColumnViewerComparator,57,22,6,0,13,8,6,3,3,3
sandbox_coverage/sandbox_usage_view,org.sandbox.jdt.ui.helper.views.colum,NameColumn,22,27,0,0,5,5,4,2,4,2
sandbox_coverage/sandbox_usage_view,org.sandbox.jdt.ui.helper.views.colum,DeprecatedColumn,34,27,4,0,9,5,6,2,4,2
sandbox_coverage/sandbox_usage_view,org.sandbox.jdt.ui.helper.views.colum,DeclaringMethodColumn.new ConflictHighlightingLabelProvider() {...},6,6,0,0,1,1,1,1,1,1
sandbox_coverage/sandbox_usage_view,org.sandbox.jdt.ui.helper.views.colum,DeclaringMethodColumn.new ConflictHighlightingLabelProvider() {...},12,0,0,0,2,0,2,0,2,0
sandbox_coverage/sandbox_usage_view,org.sandbox.jdt.ui.helper.views.colum,PackageColumn.new ConflictHighlightingLabelProvider() {...},6,6,0,0,1,1,1,1,1,1
sandbox_coverage/sandbox_usage_view,org.sandbox.jdt.ui.helper.views.colum,PackageColumn.new ConflictHighlightingLabelProvider() {...},12,0,0,0,2,0,2,0,2,0
sandbox_coverage/sandbox_usage_view,org.sandbox.jdt.ui.helper.views.colum,ConflictHighlightingLabelProvider,47,21,12,0,14,6,11,2,5,2
sandbox_coverage/sandbox_usage_view,org.sandbox.jdt.ui.helper.views.colum,DeclaringMethodColumn,44,27,6,0,13,5,8,2,5,2
sandbox_coverage/sandbox_css_cleanup,org.sandbox.jdt.internal.css,CSSCleanupPlugin,2,15,0,0,1,7,1,3,1,3
sandbox_coverage/sandbox_css_cleanup,org.sandbox.jdt.internal.css.core,NodeExecutor.ExecutionResult,0,19,0,2,0,6,0,3,0,2
sandbox_coverage/sandbox_css_cleanup,org.sandbox.jdt.internal.css.core,NodeExecutor,41,142,9,5,15,29,8,4,1,4
sandbox_coverage/sandbox_css_cleanup,org.sandbox.jdt.internal.css.core,NodeExecutor.StreamGobbler,15,53,1,3,5,13,1,5,0,4
sandbox_coverage/sandbox_css_cleanup,org.sandbox.jdt.internal.css.core,CSSValidationResult,0,20,0,2,0,6,0,4,0,3
sandbox_coverage/sandbox_css_cleanup,org.sandbox.jdt.internal.css.core,PrettierRunner,41,150,4,6,12,29,5,4,1,3
sandbox_coverage/sandbox_css_cleanup,org.sandbox.jdt.internal.css.core,CSSValidationResult.Issue,0,18,0,0,0,7,0,1,0,1
sandbox_coverage/sandbox_css_cleanup,org.sandbox.jdt.internal.css.core,StylelintRunner,70,206,9,9,17,42,9,6,1,5
sandbox_coverage/sandbox_css_cleanup,org.sandbox.jdt.internal.css.preferences,CSSPreferencePage,117,0,10,0,39,0,10,0,5,0
sandbox_coverage/sandbox_css_cleanup,org.sandbox.jdt.internal.css.ui,CSSCleanupAction.new Job() {...},174,0,18,0,40,0,13,0,4,0
sandbox_coverage/sandbox_css_cleanup,org.sandbox.jdt.internal.css.ui,CSSCleanupAction,100,0,18,0,26,0,15,0,6,0
sandbox_coverage/sandbox_int_to_enum,org.sandbox.jdt.internal.ui.preferences.cleanup,CleanUpMessages,4,0,0,0,2,0,1,0,1,0
sandbox_coverage/sandbox_int_to_enum,org.sandbox.jdt.internal.ui.preferences.cleanup,DefaultCleanUpOptionsInitializer,0,8,0,0,0,3,0,2,0,2
sandbox_coverage/sandbox_int_to_enum,org.sandbox.jdt.internal.ui.preferences.cleanup,SaveActionCleanUpOptionsInitializer,8,0,0,0,3,0,2,0,2,0
sandbox_coverage/sandbox_int_to_enum,org.sandbox.jdt.internal.ui.preferences.cleanup,SandboxCodeTabPage,40,0,0,0,13,0,4,0,4,0
sandbox_coverage/sandbox_int_to_enum,org.sandbox.jdt.internal.corext.fix,IntToEnumFixCore.new CompilationUnitRewriteOperationsFixCore.CompilationUnitRewriteOperationWithSourceRange() {...},9,60,4,4,3,13,4,2,0,2
sandbox_coverage/sandbox_int_to_enum,org.sandbox.jdt.internal.corext.fix,IntToEnumFixCore,8,52,0,0,2,11,2,4,2,4
sandbox_coverage/sandbox_int_to_enum,org.sandbox.jdt.internal.ui.fix,MultiFixMessages,0,4,0,0,0,2,0,1,0,1
sandbox_coverage/sandbox_int_to_enum,org.sandbox.jdt.internal.ui.fix,IntToEnumCleanUpCore,50,105,5,11,12,24,8,10,3,7
sandbox_coverage/sandbox_int_to_enum,org.sandbox.jdt.internal.ui.fix,IntToEnumCleanUp,0,11,0,0,0,4,0,2,0,2
sandbox_coverage/sandbox_int_to_enum,org.sandbox.jdt.internal.corext.fix.helper,SwitchIntToEnumHelper,64,769,41,97,25,166,39,43,1,12
sandbox_coverage/sandbox_int_to_enum,org.sandbox.jdt.internal.corext.fix.helper,AbstractTool,13,3,0,0,3,1,3,1,3,1
sandbox_coverage/sandbox_int_to_enum,org.sandbox.jdt.internal.corext.fix.helper,IntToEnumHelper.IntConstantHolder,0,13,0,0,0,3,0,1,0,1
sandbox_coverage/sandbox_int_to_enum,org.sandbox.jdt.internal.corext.fix.helper,IntToEnumHelper,7,4,2,0,4,2,3,2,2,2
sandbox_coverage/sandbox_use_general_type,org.sandbox.jdt.internal.ui.preferences.cleanup,CleanUpMessages,4,0,0,0,2,0,1,0,1,0
sandbox_coverage/sandbox_use_general_type,org.sandbox.jdt.internal.ui.preferences.cleanup,DefaultCleanUpOptionsInitializer,0,8,0,0,0,3,0,2,0,2
sandbox_coverage/sandbox_use_general_type,org.sandbox.jdt.internal.ui.preferences.cleanup,SaveActionCleanUpOptionsInitializer,8,0,0,0,3,0,2,0,2,0
sandbox_coverage/sandbox_use_general_type,org.sandbox.jdt.internal.ui.preferences.cleanup,SandboxCodeTabPage,46,0,0,0,11,0,4,0,4,0
sandbox_coverage/sandbox_use_general_type,org.sandbox.jdt.internal.corext.fix,UseGeneralTypeFixCore,5,40,0,0,1,8,1,4,1,4
sandbox_coverage/sandbox_use_general_type,org.sandbox.jdt.internal.corext.fix,UseGeneralTypeFixCore.new CompilationUnitRewriteOperationsFixCore.CompilationUnitRewriteOperationWithSourceRange() {...},5,61,4,4,2,12,4,2,0,2
sandbox_coverage/sandbox_use_general_type,org.sandbox.jdt.internal.ui.fix,MultiFixMessages,0,4,0,0,0,2,0,1,0,1
sandbox_coverage/sandbox_use_general_type,org.sandbox.jdt.internal.ui.fix,UseGeneralTypeCleanUp,0,11,0,0,0,4,0,2,0,2
sandbox_coverage/sandbox_use_general_type,org.sandbox.jdt.internal.ui.fix,UseGeneralTypeCleanUpCore,52,94,5,7,12,22,8,8,3,7
sandbox_coverage/sandbox_use_general_type,org.sandbox.jdt.internal.corext.fix.helper,UseGeneralTypePlugin,12,185,9,15,7,42,9,8,1,4
sandbox_coverage/sandbox_use_general_type,org.sandbox.jdt.internal.corext.fix.helper,UseGeneralTypePlugin.TypeWidenHolder,0,13,0,0,0,3,0,1,0,1
sandbox_coverage/sandbox_use_general_type,org.sandbox.jdt.internal.corext.fix.helper,UseGeneralTypePlugin.StatementInfo,0,9,0,0,0,4,0,1,0,1
